{"contracts/AceSwap.sol":{"l":{"96":0,"97":0,"98":0,"99":0,"100":0,"101":0,"106":0,"109":0,"110":0,"111":0,"119":0,"120":0,"121":0,"123":0,"124":0,"125":0,"128":0,"129":0,"130":0,"139":0,"140":0,"145":0,"146":0,"153":0,"154":0,"155":0,"156":0,"157":0,"158":0,"165":0,"166":0,"167":0,"168":0,"169":0,"173":0,"174":0,"175":0,"176":0,"185":0,"186":0,"194":0,"195":0,"202":0,"203":0,"204":0,"207":0,"211":0,"212":0,"215":0,"216":0,"217":0,"219":0,"220":0,"221":0,"222":0,"225":0,"226":0,"230":0,"231":0,"232":0,"240":0,"243":0,"244":0,"249":0,"250":0,"253":0,"254":0,"255":0,"260":0,"261":0,"264":0,"265":0,"266":0,"267":0,"268":0,"271":0,"272":0,"273":0,"282":0,"283":0,"287":0,"288":0,"293":0,"294":0,"297":0,"298":0,"299":0,"304":0,"305":0,"308":0,"309":0,"310":0,"311":0,"312":0,"313":0,"316":0,"318":0,"319":0,"320":0,"330":0,"331":0,"337":0,"339":0,"340":0,"342":0,"347":0,"356":0,"358":0,"359":0,"360":0,"362":0,"372":0,"378":0,"387":0,"393":0,"399":0,"404":0,"413":0,"418":0,"427":0,"432":0,"437":0,"439":0,"440":0,"441":0,"443":0,"455":0},"path":"/home/taisei/AceSwap/contracts/AceSwap.sol","s":{"1":0,"2":0,"3":0,"4":0,"5":0,"6":0,"7":0,"8":0,"9":0,"10":0,"11":0,"12":0,"13":0,"14":0,"15":0,"16":0,"17":0,"18":0,"19":0,"20":0,"21":0,"22":0,"23":0,"24":0,"25":0,"26":0,"27":0,"28":0,"29":0,"30":0,"31":0,"32":0,"33":0,"34":0,"35":0,"36":0,"37":0,"38":0,"39":0,"40":0,"41":0,"42":0,"43":0,"44":0,"45":0,"46":0,"47":0,"48":0,"49":0,"50":0,"51":0,"52":0,"53":0,"54":0,"55":0,"56":0,"57":0,"58":0,"59":0,"60":0,"61":0,"62":0,"63":0,"64":0,"65":0,"66":0,"67":0},"b":{"1":[0,0],"2":[0,0],"3":[0,0],"4":[0,0],"5":[0,0],"6":[0,0],"7":[0,0],"8":[0,0],"9":[0,0],"10":[0,0],"11":[0,0],"12":[0,0],"13":[0,0],"14":[0,0],"15":[0,0],"16":[0,0],"17":[0,0],"18":[0,0],"19":[0,0],"20":[0,0],"21":[0,0],"22":[0,0]},"f":{"1":0,"2":0,"3":0,"4":0,"5":0,"6":0,"7":0,"8":0,"9":0,"10":0,"11":0,"12":0,"13":0,"14":0,"15":0,"16":0},"fnMap":{"1":{"name":"constructor","line":89,"loc":{"start":{"line":89,"column":2},"end":{"line":102,"column":2}}},"2":{"name":"stakeNFT","line":105,"loc":{"start":{"line":105,"column":2},"end":{"line":141,"column":2}}},"3":{"name":"swapFTforNFT","line":144,"loc":{"start":{"line":144,"column":2},"end":{"line":187,"column":2}}},"4":{"name":"swapNFTforFT","line":190,"loc":{"start":{"line":190,"column":2},"end":{"line":245,"column":2}}},"5":{"name":"withdrawNFTAndFee","line":248,"loc":{"start":{"line":248,"column":2},"end":{"line":289,"column":2}}},"6":{"name":"withdrawNFTAndFTAndFee","line":292,"loc":{"start":{"line":292,"column":2},"end":{"line":332,"column":2}}},"7":{"name":"_calcLP","line":336,"loc":{"start":{"line":336,"column":2},"end":{"line":348,"column":2}}},"8":{"name":"_calcRemoveLP","line":351,"loc":{"start":{"line":351,"column":2},"end":{"line":364,"column":2}}},"9":{"name":"_calcBuyInfo","line":367,"loc":{"start":{"line":367,"column":2},"end":{"line":379,"column":2}}},"10":{"name":"_calcSellInfo","line":382,"loc":{"start":{"line":382,"column":2},"end":{"line":394,"column":2}}},"11":{"name":"getUserLPoint","line":398,"loc":{"start":{"line":398,"column":2},"end":{"line":400,"column":2}}},"12":{"name":"getUserInitBuyNum","line":403,"loc":{"start":{"line":403,"column":2},"end":{"line":405,"column":2}}},"13":{"name":"getCalcBuyInfo","line":408,"loc":{"start":{"line":408,"column":2},"end":{"line":419,"column":2}}},"14":{"name":"getCalcSellInfo","line":422,"loc":{"start":{"line":422,"column":2},"end":{"line":433,"column":2}}},"15":{"name":"getUserFee","line":436,"loc":{"start":{"line":436,"column":2},"end":{"line":445,"column":2}}},"16":{"name":"onERC721Received","line":449,"loc":{"start":{"line":449,"column":2},"end":{"line":456,"column":2}}}},"statementMap":{"1":{"start":{"line":106,"column":4},"end":{"line":106,"column":37}},"2":{"start":{"line":110,"column":6},"end":{"line":110,"column":2679}},"3":{"start":{"line":111,"column":8},"end":{"line":111,"column":2729}},"4":{"start":{"line":119,"column":4},"end":{"line":119,"column":34}},"5":{"start":{"line":129,"column":6},"end":{"line":129,"column":3108}},"6":{"start":{"line":130,"column":8},"end":{"line":130,"column":3158}},"7":{"start":{"line":140,"column":4},"end":{"line":140,"column":53}},"8":{"start":{"line":145,"column":4},"end":{"line":145,"column":37}},"9":{"start":{"line":146,"column":4},"end":{"line":146,"column":3526}},"10":{"start":{"line":153,"column":4},"end":{"line":153,"column":48}},"11":{"start":{"line":154,"column":4},"end":{"line":154,"column":66}},"12":{"start":{"line":155,"column":4},"end":{"line":155,"column":54}},"13":{"start":{"line":157,"column":6},"end":{"line":157,"column":3849}},"14":{"start":{"line":158,"column":8},"end":{"line":158,"column":3899}},"15":{"start":{"line":168,"column":4},"end":{"line":168,"column":4097}},"16":{"start":{"line":173,"column":4},"end":{"line":173,"column":54}},"17":{"start":{"line":175,"column":6},"end":{"line":175,"column":4270}},"18":{"start":{"line":176,"column":8},"end":{"line":176,"column":4328}},"19":{"start":{"line":186,"column":4},"end":{"line":186,"column":63}},"20":{"start":{"line":194,"column":4},"end":{"line":194,"column":37}},"21":{"start":{"line":195,"column":4},"end":{"line":195,"column":4738}},"22":{"start":{"line":203,"column":6},"end":{"line":203,"column":4885}},"23":{"start":{"line":204,"column":8},"end":{"line":204,"column":77}},"24":{"start":{"line":207,"column":4},"end":{"line":207,"column":5021}},"25":{"start":{"line":211,"column":4},"end":{"line":211,"column":77}},"26":{"start":{"line":212,"column":4},"end":{"line":212,"column":68}},"27":{"start":{"line":219,"column":4},"end":{"line":219,"column":5367}},"28":{"start":{"line":225,"column":4},"end":{"line":225,"column":5512}},"29":{"start":{"line":231,"column":6},"end":{"line":231,"column":5628}},"30":{"start":{"line":232,"column":8},"end":{"line":232,"column":5678}},"31":{"start":{"line":240,"column":4},"end":{"line":240,"column":42}},"32":{"start":{"line":244,"column":4},"end":{"line":244,"column":63}},"33":{"start":{"line":249,"column":4},"end":{"line":249,"column":37}},"34":{"start":{"line":250,"column":4},"end":{"line":250,"column":57}},"35":{"start":{"line":254,"column":6},"end":{"line":254,"column":6254}},"36":{"start":{"line":255,"column":8},"end":{"line":255,"column":6304}},"37":{"start":{"line":260,"column":4},"end":{"line":260,"column":75}},"38":{"start":{"line":261,"column":4},"end":{"line":261,"column":52}},"39":{"start":{"line":272,"column":6},"end":{"line":272,"column":6798}},"40":{"start":{"line":273,"column":8},"end":{"line":273,"column":6848}},"41":{"start":{"line":282,"column":4},"end":{"line":282,"column":7002}},"42":{"start":{"line":283,"column":6},"end":{"line":283,"column":43}},"43":{"start":{"line":288,"column":4},"end":{"line":288,"column":72}},"44":{"start":{"line":293,"column":4},"end":{"line":293,"column":37}},"45":{"start":{"line":294,"column":4},"end":{"line":294,"column":76}},"46":{"start":{"line":298,"column":6},"end":{"line":298,"column":7495}},"47":{"start":{"line":299,"column":8},"end":{"line":299,"column":7545}},"48":{"start":{"line":304,"column":4},"end":{"line":304,"column":73}},"49":{"start":{"line":305,"column":4},"end":{"line":305,"column":61}},"50":{"start":{"line":316,"column":4},"end":{"line":316,"column":41}},"51":{"start":{"line":319,"column":6},"end":{"line":319,"column":8141}},"52":{"start":{"line":320,"column":8},"end":{"line":320,"column":8191}},"53":{"start":{"line":331,"column":4},"end":{"line":331,"column":72}},"54":{"start":{"line":337,"column":4},"end":{"line":337,"column":15}},"55":{"start":{"line":339,"column":4},"end":{"line":339,"column":8582}},"56":{"start":{"line":347,"column":4},"end":{"line":347,"column":14}},"57":{"start":{"line":356,"column":4},"end":{"line":356,"column":8942}},"58":{"start":{"line":358,"column":4},"end":{"line":358,"column":39}},"59":{"start":{"line":359,"column":4},"end":{"line":359,"column":9070}},"60":{"start":{"line":399,"column":4},"end":{"line":399,"column":27}},"61":{"start":{"line":404,"column":4},"end":{"line":404,"column":31}},"62":{"start":{"line":418,"column":4},"end":{"line":418,"column":24}},"63":{"start":{"line":432,"column":4},"end":{"line":432,"column":24}},"64":{"start":{"line":437,"column":4},"end":{"line":437,"column":10896}},"65":{"start":{"line":439,"column":4},"end":{"line":439,"column":56}},"66":{"start":{"line":440,"column":4},"end":{"line":440,"column":11041}},"67":{"start":{"line":455,"column":4},"end":{"line":455,"column":41}}},"branchMap":{"1":{"line":111,"type":"if","locations":[{"start":{"line":111,"column":8},"end":{"line":111,"column":8}},{"start":{"line":111,"column":8},"end":{"line":111,"column":8}}]},"2":{"line":153,"type":"if","locations":[{"start":{"line":153,"column":4},"end":{"line":153,"column":4}},{"start":{"line":153,"column":4},"end":{"line":153,"column":4}}]},"3":{"line":154,"type":"if","locations":[{"start":{"line":154,"column":4},"end":{"line":154,"column":4}},{"start":{"line":154,"column":4},"end":{"line":154,"column":4}}]},"4":{"line":155,"type":"if","locations":[{"start":{"line":155,"column":4},"end":{"line":155,"column":4}},{"start":{"line":155,"column":4},"end":{"line":155,"column":4}}]},"5":{"line":158,"type":"if","locations":[{"start":{"line":158,"column":8},"end":{"line":158,"column":8}},{"start":{"line":158,"column":8},"end":{"line":158,"column":8}}]},"6":{"line":168,"type":"if","locations":[{"start":{"line":168,"column":4},"end":{"line":168,"column":4}},{"start":{"line":168,"column":4},"end":{"line":168,"column":4}}]},"7":{"line":204,"type":"if","locations":[{"start":{"line":204,"column":8},"end":{"line":204,"column":8}},{"start":{"line":204,"column":8},"end":{"line":204,"column":8}}]},"8":{"line":207,"type":"if","locations":[{"start":{"line":207,"column":4},"end":{"line":207,"column":4}},{"start":{"line":207,"column":4},"end":{"line":207,"column":4}}]},"9":{"line":211,"type":"if","locations":[{"start":{"line":211,"column":4},"end":{"line":211,"column":4}},{"start":{"line":211,"column":4},"end":{"line":211,"column":4}}]},"10":{"line":212,"type":"if","locations":[{"start":{"line":212,"column":4},"end":{"line":212,"column":4}},{"start":{"line":212,"column":4},"end":{"line":212,"column":4}}]},"11":{"line":219,"type":"if","locations":[{"start":{"line":219,"column":4},"end":{"line":219,"column":4}},{"start":{"line":219,"column":4},"end":{"line":219,"column":4}}]},"12":{"line":225,"type":"if","locations":[{"start":{"line":225,"column":4},"end":{"line":225,"column":4}},{"start":{"line":225,"column":4},"end":{"line":225,"column":4}}]},"13":{"line":255,"type":"if","locations":[{"start":{"line":255,"column":8},"end":{"line":255,"column":8}},{"start":{"line":255,"column":8},"end":{"line":255,"column":8}}]},"14":{"line":260,"type":"if","locations":[{"start":{"line":260,"column":4},"end":{"line":260,"column":4}},{"start":{"line":260,"column":4},"end":{"line":260,"column":4}}]},"15":{"line":261,"type":"if","locations":[{"start":{"line":261,"column":4},"end":{"line":261,"column":4}},{"start":{"line":261,"column":4},"end":{"line":261,"column":4}}]},"16":{"line":282,"type":"if","locations":[{"start":{"line":282,"column":4},"end":{"line":282,"column":4}},{"start":{"line":282,"column":4},"end":{"line":282,"column":4}}]},"17":{"line":299,"type":"if","locations":[{"start":{"line":299,"column":8},"end":{"line":299,"column":8}},{"start":{"line":299,"column":8},"end":{"line":299,"column":8}}]},"18":{"line":304,"type":"if","locations":[{"start":{"line":304,"column":4},"end":{"line":304,"column":4}},{"start":{"line":304,"column":4},"end":{"line":304,"column":4}}]},"19":{"line":305,"type":"if","locations":[{"start":{"line":305,"column":4},"end":{"line":305,"column":4}},{"start":{"line":305,"column":4},"end":{"line":305,"column":4}}]},"20":{"line":339,"type":"if","locations":[{"start":{"line":339,"column":4},"end":{"line":339,"column":4}},{"start":{"line":339,"column":4},"end":{"line":339,"column":4}}]},"21":{"line":359,"type":"if","locations":[{"start":{"line":359,"column":4},"end":{"line":359,"column":4}},{"start":{"line":359,"column":4},"end":{"line":359,"column":4}}]},"22":{"line":440,"type":"if","locations":[{"start":{"line":440,"column":4},"end":{"line":440,"column":4}},{"start":{"line":440,"column":4},"end":{"line":440,"column":4}}]}}},"contracts/bonding-curves/CurveErrorCode.sol":{"l":{},"path":"/home/taisei/AceSwap/contracts/bonding-curves/CurveErrorCode.sol","s":{},"b":{},"f":{},"fnMap":{},"statementMap":{},"branchMap":{}},"contracts/bonding-curves/LinearCurve.sol":{"l":{"27":20,"28":0,"31":20,"34":20,"35":0,"38":20,"40":20,"42":20,"44":20,"46":20,"66":21,"67":0,"70":21,"73":21,"74":0,"76":0,"77":0,"79":21,"82":21,"84":21,"86":21,"90":21,"92":21,"101":5,"105":5,"110":5,"119":0,"120":0,"125":0},"path":"/home/taisei/AceSwap/contracts/bonding-curves/LinearCurve.sol","s":{"1":20,"2":0,"3":20,"4":20,"5":0,"6":21,"7":0,"8":21,"9":21,"10":0,"11":21,"12":5,"13":0},"b":{"1":[0,20],"2":[0,20],"3":[0,21],"4":[0,21]},"f":{"1":20,"2":21,"3":5,"4":0},"fnMap":{"1":{"name":"getBuyInfo","line":10,"loc":{"start":{"line":10,"column":2},"end":{"line":47,"column":2}}},"2":{"name":"getSellInfo","line":49,"loc":{"start":{"line":49,"column":2},"end":{"line":93,"column":2}}},"3":{"name":"getBuyFeeInfo","line":95,"loc":{"start":{"line":95,"column":2},"end":{"line":111,"column":2}}},"4":{"name":"getSellFeeInfo","line":113,"loc":{"start":{"line":113,"column":2},"end":{"line":126,"column":2}}}},"statementMap":{"1":{"start":{"line":27,"column":4},"end":{"line":27,"column":557}},"2":{"start":{"line":28,"column":6},"end":{"line":28,"column":49}},"3":{"start":{"line":31,"column":4},"end":{"line":31,"column":56}},"4":{"start":{"line":34,"column":4},"end":{"line":34,"column":720}},"5":{"start":{"line":35,"column":6},"end":{"line":35,"column":52}},"6":{"start":{"line":66,"column":4},"end":{"line":66,"column":1338}},"7":{"start":{"line":67,"column":6},"end":{"line":67,"column":49}},"8":{"start":{"line":70,"column":4},"end":{"line":70,"column":49}},"9":{"start":{"line":73,"column":4},"end":{"line":73,"column":1494}},"10":{"start":{"line":76,"column":6},"end":{"line":76,"column":59}},"11":{"start":{"line":86,"column":4},"end":{"line":86,"column":1803}},"12":{"start":{"line":101,"column":4},"end":{"line":101,"column":2190}},"13":{"start":{"line":119,"column":4},"end":{"line":119,"column":77}}},"branchMap":{"1":{"line":27,"type":"if","locations":[{"start":{"line":27,"column":4},"end":{"line":27,"column":4}},{"start":{"line":27,"column":4},"end":{"line":27,"column":4}}]},"2":{"line":34,"type":"if","locations":[{"start":{"line":34,"column":4},"end":{"line":34,"column":4}},{"start":{"line":34,"column":4},"end":{"line":34,"column":4}}]},"3":{"line":66,"type":"if","locations":[{"start":{"line":66,"column":4},"end":{"line":66,"column":4}},{"start":{"line":66,"column":4},"end":{"line":66,"column":4}}]},"4":{"line":73,"type":"if","locations":[{"start":{"line":73,"column":4},"end":{"line":73,"column":4}},{"start":{"line":73,"column":4},"end":{"line":73,"column":4}}]}}},"contracts/Factory721.sol":{"l":{"22":3,"23":3,"35":1,"39":1,"40":1,"42":1,"54":1,"56":1,"61":0,"65":0},"path":"/home/taisei/AceSwap/contracts/Factory721.sol","s":{"1":1,"2":1,"3":1,"4":1,"5":1,"6":1},"b":{"1":[1,0],"2":[1,0],"3":[1,0],"4":[0,0],"5":[0,0]},"f":{"1":3,"2":1,"3":0,"4":0},"fnMap":{"1":{"name":"constructor","line":21,"loc":{"start":{"line":21,"column":2},"end":{"line":24,"column":2}}},"2":{"name":"createPool","line":28,"loc":{"start":{"line":28,"column":2},"end":{"line":57,"column":2}}},"3":{"name":"setRouterAddress","line":60,"loc":{"start":{"line":60,"column":2},"end":{"line":62,"column":2}}},"4":{"name":"setRouterFeeRatio","line":64,"loc":{"start":{"line":64,"column":2},"end":{"line":66,"column":2}}}},"statementMap":{"1":{"start":{"line":35,"column":4},"end":{"line":35,"column":871}},"2":{"start":{"line":39,"column":4},"end":{"line":39,"column":71}},"3":{"start":{"line":40,"column":4},"end":{"line":40,"column":75}},"4":{"start":{"line":42,"column":4},"end":{"line":42,"column":1137}},"5":{"start":{"line":54,"column":4},"end":{"line":54,"column":60}},"6":{"start":{"line":56,"column":4},"end":{"line":56,"column":39}}},"branchMap":{"1":{"line":35,"type":"if","locations":[{"start":{"line":35,"column":4},"end":{"line":35,"column":4}},{"start":{"line":35,"column":4},"end":{"line":35,"column":4}}]},"2":{"line":39,"type":"if","locations":[{"start":{"line":39,"column":4},"end":{"line":39,"column":4}},{"start":{"line":39,"column":4},"end":{"line":39,"column":4}}]},"3":{"line":40,"type":"if","locations":[{"start":{"line":40,"column":4},"end":{"line":40,"column":4}},{"start":{"line":40,"column":4},"end":{"line":40,"column":4}}]},"4":{"line":60,"type":"if","locations":[{"start":{"line":60,"column":55},"end":{"line":60,"column":55}},{"start":{"line":60,"column":55},"end":{"line":60,"column":55}}]},"5":{"line":64,"type":"if","locations":[{"start":{"line":64,"column":64},"end":{"line":64,"column":64}},{"start":{"line":64,"column":64},"end":{"line":64,"column":64}}]}}},"contracts/interfaces/ICurve.sol":{"l":{},"path":"/home/taisei/AceSwap/contracts/interfaces/ICurve.sol","s":{},"b":{},"f":{},"fnMap":{},"statementMap":{},"branchMap":{}},"contracts/interfaces/IPool721.sol":{"l":{},"path":"/home/taisei/AceSwap/contracts/interfaces/IPool721.sol","s":{},"b":{},"f":{},"fnMap":{},"statementMap":{},"branchMap":{}},"contracts/interfaces/IRouter.sol":{"l":{},"path":"/home/taisei/AceSwap/contracts/interfaces/IRouter.sol","s":{},"b":{},"f":{},"fnMap":{},"statementMap":{},"branchMap":{}},"contracts/lib/FixedPointMathLib.sol":{"l":{"12":31,"31":0,"54":0},"path":"/home/taisei/AceSwap/contracts/lib/FixedPointMathLib.sol","s":{},"b":{},"f":{"1":31,"2":0,"3":0},"fnMap":{"1":{"name":"fmul","line":7,"loc":{"start":{"line":7,"column":2},"end":{"line":24,"column":2}}},"2":{"name":"fdiv","line":26,"loc":{"start":{"line":26,"column":2},"end":{"line":47,"column":2}}},"3":{"name":"fpow","line":49,"loc":{"start":{"line":49,"column":2},"end":{"line":102,"column":2}}}},"statementMap":{},"branchMap":{}},"contracts/Pool721.sol":{"l":{"110":1,"111":1,"112":1,"113":1,"114":1,"115":1,"116":1,"117":1,"118":1,"122":0,"123":0,"128":7,"129":7,"132":6,"144":6,"147":6,"150":6,"151":6,"152":6,"153":6,"154":6,"155":6,"156":6,"159":6,"164":7,"165":7,"166":7,"169":6,"181":6,"184":6,"186":6,"188":6,"190":6,"192":6,"194":6,"198":6,"200":6,"211":7,"213":7,"214":7,"217":7,"230":7,"233":7,"234":7,"238":6,"240":6,"242":6,"244":6,"245":6,"248":6,"249":6,"250":6,"252":6,"261":8,"262":8,"263":8,"266":8,"278":8,"281":8,"284":7,"285":6,"289":6,"291":6,"293":6,"294":6,"295":6,"298":6,"300":6,"301":6,"304":6,"312":8,"313":8,"314":8,"317":8,"318":7,"326":6,"328":6,"330":6,"332":6,"334":6,"337":6,"338":5,"350":5,"352":5,"356":6,"357":1,"360":1,"368":1,"371":1,"383":1,"385":1,"387":1,"388":1,"390":1,"391":1,"396":6,"398":6,"400":4,"404":6,"413":6,"414":6,"415":6,"416":6,"417":6,"420":6,"421":6,"426":6,"429":6,"430":6,"431":6,"432":6,"433":6,"434":6,"437":6,"438":5,"450":5,"452":5,"456":6,"457":1,"465":1,"467":1,"479":1,"481":1,"482":1,"484":1,"485":1,"487":1,"490":6,"491":5,"494":6,"495":4,"499":6,"510":6,"511":5,"513":1,"519":6,"520":5,"522":1,"529":8,"531":8,"532":4,"534":4,"540":6,"542":6,"543":4,"545":2,"551":12,"553":5,"554":5,"562":5,"564":5,"566":5,"567":5,"568":5,"570":0,"578":0,"580":0,"581":0,"582":0,"583":0,"589":5,"590":2,"592":2,"595":1,"596":1,"606":12,"607":12,"609":12,"610":0,"612":12,"613":0,"623":24,"624":12,"626":24,"627":12,"629":24,"630":0,"641":25,"642":25,"643":28,"655":0,"661":0,"670":0,"676":0,"685":6,"687":6,"688":6,"690":0,"699":2,"701":2,"702":2,"704":0,"709":26,"713":15,"717":0,"728":14},"path":"/home/taisei/AceSwap/contracts/Pool721.sol","s":{"1":0,"2":7,"3":7,"4":6,"5":6,"6":6,"7":6,"8":6,"9":6,"10":7,"11":7,"12":7,"13":6,"14":6,"15":6,"16":6,"17":6,"18":6,"19":7,"20":7,"21":7,"22":7,"23":7,"24":7,"25":7,"26":6,"27":6,"28":6,"29":6,"30":6,"31":8,"32":8,"33":8,"34":8,"35":8,"36":8,"37":7,"38":6,"39":6,"40":6,"41":6,"42":6,"43":6,"44":8,"45":8,"46":8,"47":8,"48":7,"49":6,"50":5,"51":5,"52":5,"53":6,"54":1,"55":1,"56":1,"57":1,"58":1,"59":1,"60":1,"61":1,"62":6,"63":6,"64":4,"65":6,"66":6,"67":6,"68":6,"69":6,"70":6,"71":6,"72":6,"73":6,"74":6,"75":5,"76":5,"77":5,"78":6,"79":1,"80":1,"81":1,"82":1,"83":1,"84":1,"85":6,"86":5,"87":6,"88":4,"89":6,"90":6,"91":6,"92":8,"93":8,"94":6,"95":6,"96":12,"97":5,"98":5,"99":5,"100":5,"101":0,"102":0,"103":0,"104":0,"105":5,"106":3,"107":12,"108":12,"109":12,"110":24,"111":24,"112":24,"113":25,"114":28,"115":0,"116":0,"117":0,"118":0,"119":6,"120":6,"121":2,"122":2,"123":26,"124":15,"125":14},"b":{"1":[0,0],"2":[7,0],"3":[7,0],"4":[6,1],"5":[6,0],"6":[6,0],"7":[7,0],"8":[7,0],"9":[6,1],"10":[6,0],"11":[7,0],"12":[7,0],"13":[7,0],"14":[7,0],"15":[7,0],"16":[6,1],"17":[8,0],"18":[8,0],"19":[8,0],"20":[8,0],"21":[7,1],"22":[6,1],"23":[6,0],"24":[7,1],"25":[6,1],"26":[5,1],"27":[5,1],"28":[5,0],"29":[1,5],"30":[1,0],"31":[1,0],"32":[1,0],"33":[4,2],"34":[6,0],"35":[6,0],"36":[5,1],"37":[6,0],"38":[5,1],"39":[5,0],"40":[1,5],"41":[1,0],"42":[1,0],"43":[5,1],"44":[4,2],"45":[5,1],"46":[5,1],"47":[4,4],"48":[4,2],"49":[5,7],"50":[5,0],"51":[5,0],"52":[0,0],"53":[0,0],"54":[2,3],"55":[2,1],"56":[12,0],"57":[0,12],"58":[0,12],"59":[12,12],"60":[12,12],"61":[0,24],"62":[6,0],"63":[2,0],"64":[0,0]},"f":{"1":1,"2":0,"3":7,"4":7,"5":7,"6":8,"7":8,"8":6,"9":6,"10":6,"11":8,"12":6,"13":12,"14":5,"15":12,"16":24,"17":25,"18":0,"19":0,"20":6,"21":2,"22":26,"23":15,"24":0,"25":14},"fnMap":{"1":{"name":"constructor","line":101,"loc":{"start":{"line":101,"column":2},"end":{"line":119,"column":2}}},"2":{"name":"onlyRouter","line":121,"loc":{"start":{"line":121,"column":2},"end":{"line":124,"column":2}}},"3":{"name":"stakeFT","line":127,"loc":{"start":{"line":127,"column":2},"end":{"line":160,"column":2}}},"4":{"name":"stakeNFT","line":163,"loc":{"start":{"line":163,"column":2},"end":{"line":201,"column":2}}},"5":{"name":"swapFTforNFT","line":204,"loc":{"start":{"line":204,"column":2},"end":{"line":253,"column":2}}},"6":{"name":"swapNFTforFT","line":256,"loc":{"start":{"line":256,"column":2},"end":{"line":305,"column":2}}},"7":{"name":"withdrawNFT","line":308,"loc":{"start":{"line":308,"column":2},"end":{"line":405,"column":2}}},"8":{"name":"withdrawFT","line":408,"loc":{"start":{"line":408,"column":2},"end":{"line":500,"column":2}}},"9":{"name":"_calcNFTpoint","line":505,"loc":{"start":{"line":505,"column":2},"end":{"line":515,"column":2}}},"10":{"name":"_calcFTpoint","line":518,"loc":{"start":{"line":518,"column":2},"end":{"line":524,"column":2}}},"11":{"name":"_calcNFTfee","line":528,"loc":{"start":{"line":528,"column":2},"end":{"line":536,"column":2}}},"12":{"name":"_calcFTfee","line":539,"loc":{"start":{"line":539,"column":2},"end":{"line":547,"column":2}}},"13":{"name":"_calcProfit","line":550,"loc":{"start":{"line":550,"column":2},"end":{"line":586,"column":2}}},"14":{"name":"_calcDisFee","line":588,"loc":{"start":{"line":588,"column":2},"end":{"line":598,"column":2}}},"15":{"name":"_updatePoolInfo","line":601,"loc":{"start":{"line":601,"column":2},"end":{"line":615,"column":2}}},"16":{"name":"_updateStakeInfo","line":618,"loc":{"start":{"line":618,"column":2},"end":{"line":632,"column":2}}},"17":{"name":"_sendNFTs","line":635,"loc":{"start":{"line":635,"column":2},"end":{"line":646,"column":2}}},"18":{"name":"getCalcBuyInfo","line":650,"loc":{"start":{"line":650,"column":2},"end":{"line":662,"column":2}}},"19":{"name":"getCalcSellInfo","line":665,"loc":{"start":{"line":665,"column":2},"end":{"line":677,"column":2}}},"20":{"name":"getUserStakeNFTfee","line":680,"loc":{"start":{"line":680,"column":2},"end":{"line":692,"column":2}}},"21":{"name":"getUserStakeFTfee","line":694,"loc":{"start":{"line":694,"column":2},"end":{"line":706,"column":2}}},"22":{"name":"getPoolInfo","line":708,"loc":{"start":{"line":708,"column":2},"end":{"line":710,"column":2}}},"23":{"name":"getUserInfo","line":712,"loc":{"start":{"line":712,"column":2},"end":{"line":714,"column":2}}},"24":{"name":"setRouter","line":716,"loc":{"start":{"line":716,"column":2},"end":{"line":718,"column":2}}},"25":{"name":"onERC721Received","line":722,"loc":{"start":{"line":722,"column":2},"end":{"line":729,"column":2}}}},"statementMap":{"1":{"start":{"line":122,"column":4},"end":{"line":122,"column":46}},"2":{"start":{"line":128,"column":4},"end":{"line":128,"column":55}},"3":{"start":{"line":129,"column":4},"end":{"line":129,"column":33}},"4":{"start":{"line":132,"column":4},"end":{"line":132,"column":3060}},"5":{"start":{"line":144,"column":4},"end":{"line":144,"column":62}},"6":{"start":{"line":147,"column":4},"end":{"line":147,"column":56}},"7":{"start":{"line":150,"column":4},"end":{"line":150,"column":49}},"8":{"start":{"line":156,"column":4},"end":{"line":156,"column":51}},"9":{"start":{"line":159,"column":4},"end":{"line":159,"column":44}},"10":{"start":{"line":164,"column":4},"end":{"line":164,"column":55}},"11":{"start":{"line":165,"column":4},"end":{"line":165,"column":39}},"12":{"start":{"line":166,"column":4},"end":{"line":166,"column":33}},"13":{"start":{"line":169,"column":4},"end":{"line":169,"column":4141}},"14":{"start":{"line":181,"column":4},"end":{"line":181,"column":62}},"15":{"start":{"line":184,"column":4},"end":{"line":184,"column":42}},"16":{"start":{"line":194,"column":4},"end":{"line":194,"column":52}},"17":{"start":{"line":198,"column":4},"end":{"line":198,"column":55}},"18":{"start":{"line":200,"column":4},"end":{"line":200,"column":45}},"19":{"start":{"line":211,"column":4},"end":{"line":211,"column":55}},"20":{"start":{"line":213,"column":4},"end":{"line":213,"column":39}},"21":{"start":{"line":214,"column":4},"end":{"line":214,"column":33}},"22":{"start":{"line":217,"column":4},"end":{"line":217,"column":5439}},"23":{"start":{"line":230,"column":4},"end":{"line":230,"column":62}},"24":{"start":{"line":233,"column":4},"end":{"line":233,"column":63}},"25":{"start":{"line":234,"column":4},"end":{"line":234,"column":54}},"26":{"start":{"line":245,"column":4},"end":{"line":245,"column":60}},"27":{"start":{"line":248,"column":4},"end":{"line":248,"column":49}},"28":{"start":{"line":249,"column":4},"end":{"line":249,"column":41}},"29":{"start":{"line":250,"column":4},"end":{"line":250,"column":63}},"30":{"start":{"line":252,"column":4},"end":{"line":252,"column":50}},"31":{"start":{"line":261,"column":4},"end":{"line":261,"column":55}},"32":{"start":{"line":262,"column":4},"end":{"line":262,"column":39}},"33":{"start":{"line":263,"column":4},"end":{"line":263,"column":33}},"34":{"start":{"line":266,"column":4},"end":{"line":266,"column":6824}},"35":{"start":{"line":278,"column":4},"end":{"line":278,"column":62}},"36":{"start":{"line":281,"column":4},"end":{"line":281,"column":64}},"37":{"start":{"line":284,"column":4},"end":{"line":284,"column":60}},"38":{"start":{"line":285,"column":4},"end":{"line":285,"column":77}},"39":{"start":{"line":295,"column":4},"end":{"line":295,"column":60}},"40":{"start":{"line":298,"column":4},"end":{"line":298,"column":55}},"41":{"start":{"line":300,"column":4},"end":{"line":300,"column":37}},"42":{"start":{"line":301,"column":4},"end":{"line":301,"column":41}},"43":{"start":{"line":304,"column":4},"end":{"line":304,"column":50}},"44":{"start":{"line":312,"column":4},"end":{"line":312,"column":39}},"45":{"start":{"line":313,"column":4},"end":{"line":313,"column":53}},"46":{"start":{"line":314,"column":4},"end":{"line":314,"column":41}},"47":{"start":{"line":317,"column":4},"end":{"line":317,"column":62}},"48":{"start":{"line":318,"column":4},"end":{"line":318,"column":8297}},"49":{"start":{"line":337,"column":4},"end":{"line":337,"column":8893}},"50":{"start":{"line":338,"column":6},"end":{"line":338,"column":8924}},"51":{"start":{"line":350,"column":6},"end":{"line":350,"column":64}},"52":{"start":{"line":352,"column":6},"end":{"line":352,"column":54}},"53":{"start":{"line":356,"column":4},"end":{"line":356,"column":9365}},"54":{"start":{"line":357,"column":6},"end":{"line":357,"column":47}},"55":{"start":{"line":360,"column":6},"end":{"line":360,"column":9481}},"56":{"start":{"line":368,"column":6},"end":{"line":368,"column":64}},"57":{"start":{"line":371,"column":6},"end":{"line":371,"column":9813}},"58":{"start":{"line":383,"column":6},"end":{"line":383,"column":65}},"59":{"start":{"line":385,"column":6},"end":{"line":385,"column":53}},"60":{"start":{"line":390,"column":6},"end":{"line":390,"column":10296}},"61":{"start":{"line":391,"column":8},"end":{"line":391,"column":42}},"62":{"start":{"line":396,"column":4},"end":{"line":396,"column":55}},"63":{"start":{"line":398,"column":4},"end":{"line":398,"column":10457}},"64":{"start":{"line":400,"column":6},"end":{"line":400,"column":38}},"65":{"start":{"line":404,"column":4},"end":{"line":404,"column":58}},"66":{"start":{"line":413,"column":4},"end":{"line":413,"column":39}},"67":{"start":{"line":414,"column":4},"end":{"line":414,"column":54}},"68":{"start":{"line":415,"column":4},"end":{"line":415,"column":64}},"69":{"start":{"line":416,"column":4},"end":{"line":416,"column":40}},"70":{"start":{"line":417,"column":4},"end":{"line":417,"column":20}},"71":{"start":{"line":420,"column":4},"end":{"line":420,"column":67}},"72":{"start":{"line":421,"column":4},"end":{"line":421,"column":11140}},"73":{"start":{"line":426,"column":4},"end":{"line":426,"column":78}},"74":{"start":{"line":437,"column":4},"end":{"line":437,"column":11642}},"75":{"start":{"line":438,"column":6},"end":{"line":438,"column":11678}},"76":{"start":{"line":450,"column":6},"end":{"line":450,"column":64}},"77":{"start":{"line":452,"column":6},"end":{"line":452,"column":53}},"78":{"start":{"line":456,"column":4},"end":{"line":456,"column":12119}},"79":{"start":{"line":457,"column":6},"end":{"line":457,"column":12161}},"80":{"start":{"line":465,"column":6},"end":{"line":465,"column":64}},"81":{"start":{"line":467,"column":6},"end":{"line":467,"column":12481}},"82":{"start":{"line":479,"column":6},"end":{"line":479,"column":70}},"83":{"start":{"line":484,"column":6},"end":{"line":484,"column":46}},"84":{"start":{"line":485,"column":6},"end":{"line":485,"column":57}},"85":{"start":{"line":490,"column":4},"end":{"line":490,"column":13032}},"86":{"start":{"line":491,"column":6},"end":{"line":491,"column":52}},"87":{"start":{"line":494,"column":4},"end":{"line":494,"column":13128}},"88":{"start":{"line":495,"column":6},"end":{"line":495,"column":38}},"89":{"start":{"line":499,"column":4},"end":{"line":499,"column":74}},"90":{"start":{"line":510,"column":4},"end":{"line":510,"column":13449}},"91":{"start":{"line":519,"column":4},"end":{"line":519,"column":13706}},"92":{"start":{"line":529,"column":4},"end":{"line":529,"column":14029}},"93":{"start":{"line":531,"column":4},"end":{"line":531,"column":14089}},"94":{"start":{"line":540,"column":4},"end":{"line":540,"column":14398}},"95":{"start":{"line":542,"column":4},"end":{"line":542,"column":14456}},"96":{"start":{"line":551,"column":4},"end":{"line":551,"column":14693}},"97":{"start":{"line":553,"column":6},"end":{"line":553,"column":14771}},"98":{"start":{"line":554,"column":8},"end":{"line":554,"column":14819}},"99":{"start":{"line":562,"column":8},"end":{"line":562,"column":76}},"100":{"start":{"line":566,"column":8},"end":{"line":566,"column":40}},"101":{"start":{"line":569,"column":13},"end":{"line":569,"column":15363}},"102":{"start":{"line":570,"column":8},"end":{"line":570,"column":15410}},"103":{"start":{"line":578,"column":8},"end":{"line":578,"column":76}},"104":{"start":{"line":581,"column":8},"end":{"line":581,"column":40}},"105":{"start":{"line":589,"column":4},"end":{"line":589,"column":15996}},"106":{"start":{"line":591,"column":11},"end":{"line":591,"column":16066}},"107":{"start":{"line":606,"column":4},"end":{"line":606,"column":16436}},"108":{"start":{"line":609,"column":4},"end":{"line":609,"column":16531}},"109":{"start":{"line":612,"column":4},"end":{"line":612,"column":16628}},"110":{"start":{"line":623,"column":4},"end":{"line":623,"column":16899}},"111":{"start":{"line":626,"column":4},"end":{"line":626,"column":17000}},"112":{"start":{"line":629,"column":4},"end":{"line":629,"column":17103}},"113":{"start":{"line":642,"column":6},"end":{"line":642,"column":17382}},"114":{"start":{"line":643,"column":8},"end":{"line":643,"column":73}},"115":{"start":{"line":655,"column":4},"end":{"line":655,"column":17696}},"116":{"start":{"line":661,"column":4},"end":{"line":661,"column":20}},"117":{"start":{"line":670,"column":4},"end":{"line":670,"column":18049}},"118":{"start":{"line":676,"column":4},"end":{"line":676,"column":20}},"119":{"start":{"line":685,"column":4},"end":{"line":685,"column":18410}},"120":{"start":{"line":687,"column":4},"end":{"line":687,"column":18470}},"121":{"start":{"line":699,"column":4},"end":{"line":699,"column":18765}},"122":{"start":{"line":701,"column":4},"end":{"line":701,"column":18823}},"123":{"start":{"line":709,"column":4},"end":{"line":709,"column":19}},"124":{"start":{"line":713,"column":4},"end":{"line":713,"column":26}},"125":{"start":{"line":728,"column":4},"end":{"line":728,"column":41}}},"branchMap":{"1":{"line":122,"type":"if","locations":[{"start":{"line":122,"column":4},"end":{"line":122,"column":4}},{"start":{"line":122,"column":4},"end":{"line":122,"column":4}}]},"2":{"line":128,"type":"if","locations":[{"start":{"line":128,"column":4},"end":{"line":128,"column":4}},{"start":{"line":128,"column":4},"end":{"line":128,"column":4}}]},"3":{"line":128,"type":"cond-expr","locations":[{"start":{"line":128,"column":12},"end":{"line":128,"column":30}},{"start":{"line":128,"column":35},"end":{"line":128,"column":54}}]},"4":{"line":129,"type":"if","locations":[{"start":{"line":129,"column":4},"end":{"line":129,"column":4}},{"start":{"line":129,"column":4},"end":{"line":129,"column":4}}]},"5":{"line":144,"type":"if","locations":[{"start":{"line":144,"column":4},"end":{"line":144,"column":4}},{"start":{"line":144,"column":4},"end":{"line":144,"column":4}}]},"6":{"line":147,"type":"if","locations":[{"start":{"line":147,"column":4},"end":{"line":147,"column":4}},{"start":{"line":147,"column":4},"end":{"line":147,"column":4}}]},"7":{"line":164,"type":"if","locations":[{"start":{"line":164,"column":4},"end":{"line":164,"column":4}},{"start":{"line":164,"column":4},"end":{"line":164,"column":4}}]},"8":{"line":164,"type":"cond-expr","locations":[{"start":{"line":164,"column":12},"end":{"line":164,"column":30}},{"start":{"line":164,"column":35},"end":{"line":164,"column":54}}]},"9":{"line":166,"type":"if","locations":[{"start":{"line":166,"column":4},"end":{"line":166,"column":4}},{"start":{"line":166,"column":4},"end":{"line":166,"column":4}}]},"10":{"line":181,"type":"if","locations":[{"start":{"line":181,"column":4},"end":{"line":181,"column":4}},{"start":{"line":181,"column":4},"end":{"line":181,"column":4}}]},"11":{"line":211,"type":"if","locations":[{"start":{"line":211,"column":4},"end":{"line":211,"column":4}},{"start":{"line":211,"column":4},"end":{"line":211,"column":4}}]},"12":{"line":211,"type":"cond-expr","locations":[{"start":{"line":211,"column":12},"end":{"line":211,"column":30}},{"start":{"line":211,"column":35},"end":{"line":211,"column":54}}]},"13":{"line":214,"type":"if","locations":[{"start":{"line":214,"column":4},"end":{"line":214,"column":4}},{"start":{"line":214,"column":4},"end":{"line":214,"column":4}}]},"14":{"line":230,"type":"if","locations":[{"start":{"line":230,"column":4},"end":{"line":230,"column":4}},{"start":{"line":230,"column":4},"end":{"line":230,"column":4}}]},"15":{"line":233,"type":"if","locations":[{"start":{"line":233,"column":4},"end":{"line":233,"column":4}},{"start":{"line":233,"column":4},"end":{"line":233,"column":4}}]},"16":{"line":234,"type":"if","locations":[{"start":{"line":234,"column":4},"end":{"line":234,"column":4}},{"start":{"line":234,"column":4},"end":{"line":234,"column":4}}]},"17":{"line":261,"type":"if","locations":[{"start":{"line":261,"column":4},"end":{"line":261,"column":4}},{"start":{"line":261,"column":4},"end":{"line":261,"column":4}}]},"18":{"line":261,"type":"cond-expr","locations":[{"start":{"line":261,"column":12},"end":{"line":261,"column":30}},{"start":{"line":261,"column":35},"end":{"line":261,"column":54}}]},"19":{"line":263,"type":"if","locations":[{"start":{"line":263,"column":4},"end":{"line":263,"column":4}},{"start":{"line":263,"column":4},"end":{"line":263,"column":4}}]},"20":{"line":278,"type":"if","locations":[{"start":{"line":278,"column":4},"end":{"line":278,"column":4}},{"start":{"line":278,"column":4},"end":{"line":278,"column":4}}]},"21":{"line":281,"type":"if","locations":[{"start":{"line":281,"column":4},"end":{"line":281,"column":4}},{"start":{"line":281,"column":4},"end":{"line":281,"column":4}}]},"22":{"line":284,"type":"if","locations":[{"start":{"line":284,"column":4},"end":{"line":284,"column":4}},{"start":{"line":284,"column":4},"end":{"line":284,"column":4}}]},"23":{"line":285,"type":"if","locations":[{"start":{"line":285,"column":4},"end":{"line":285,"column":4}},{"start":{"line":285,"column":4},"end":{"line":285,"column":4}}]},"24":{"line":317,"type":"if","locations":[{"start":{"line":317,"column":4},"end":{"line":317,"column":4}},{"start":{"line":317,"column":4},"end":{"line":317,"column":4}}]},"25":{"line":318,"type":"if","locations":[{"start":{"line":318,"column":4},"end":{"line":318,"column":4}},{"start":{"line":318,"column":4},"end":{"line":318,"column":4}}]},"26":{"line":319,"type":"cond-expr","locations":[{"start":{"line":319,"column":6},"end":{"line":319,"column":47}},{"start":{"line":319,"column":52},"end":{"line":319,"column":78}}]},"27":{"line":337,"type":"if","locations":[{"start":{"line":337,"column":4},"end":{"line":337,"column":4}},{"start":{"line":337,"column":4},"end":{"line":337,"column":4}}]},"28":{"line":350,"type":"if","locations":[{"start":{"line":350,"column":6},"end":{"line":350,"column":6}},{"start":{"line":350,"column":6},"end":{"line":350,"column":6}}]},"29":{"line":356,"type":"if","locations":[{"start":{"line":356,"column":4},"end":{"line":356,"column":4}},{"start":{"line":356,"column":4},"end":{"line":356,"column":4}}]},"30":{"line":368,"type":"if","locations":[{"start":{"line":368,"column":6},"end":{"line":368,"column":6}},{"start":{"line":368,"column":6},"end":{"line":368,"column":6}}]},"31":{"line":383,"type":"if","locations":[{"start":{"line":383,"column":6},"end":{"line":383,"column":6}},{"start":{"line":383,"column":6},"end":{"line":383,"column":6}}]},"32":{"line":390,"type":"if","locations":[{"start":{"line":390,"column":6},"end":{"line":390,"column":6}},{"start":{"line":390,"column":6},"end":{"line":390,"column":6}}]},"33":{"line":398,"type":"if","locations":[{"start":{"line":398,"column":4},"end":{"line":398,"column":4}},{"start":{"line":398,"column":4},"end":{"line":398,"column":4}}]},"34":{"line":420,"type":"if","locations":[{"start":{"line":420,"column":4},"end":{"line":420,"column":4}},{"start":{"line":420,"column":4},"end":{"line":420,"column":4}}]},"35":{"line":421,"type":"if","locations":[{"start":{"line":421,"column":4},"end":{"line":421,"column":4}},{"start":{"line":421,"column":4},"end":{"line":421,"column":4}}]},"36":{"line":422,"type":"cond-expr","locations":[{"start":{"line":422,"column":6},"end":{"line":422,"column":52}},{"start":{"line":423,"column":8},"end":{"line":423,"column":39}}]},"37":{"line":426,"type":"if","locations":[{"start":{"line":426,"column":4},"end":{"line":426,"column":4}},{"start":{"line":426,"column":4},"end":{"line":426,"column":4}}]},"38":{"line":437,"type":"if","locations":[{"start":{"line":437,"column":4},"end":{"line":437,"column":4}},{"start":{"line":437,"column":4},"end":{"line":437,"column":4}}]},"39":{"line":450,"type":"if","locations":[{"start":{"line":450,"column":6},"end":{"line":450,"column":6}},{"start":{"line":450,"column":6},"end":{"line":450,"column":6}}]},"40":{"line":456,"type":"if","locations":[{"start":{"line":456,"column":4},"end":{"line":456,"column":4}},{"start":{"line":456,"column":4},"end":{"line":456,"column":4}}]},"41":{"line":465,"type":"if","locations":[{"start":{"line":465,"column":6},"end":{"line":465,"column":6}},{"start":{"line":465,"column":6},"end":{"line":465,"column":6}}]},"42":{"line":479,"type":"if","locations":[{"start":{"line":479,"column":6},"end":{"line":479,"column":6}},{"start":{"line":479,"column":6},"end":{"line":479,"column":6}}]},"43":{"line":490,"type":"if","locations":[{"start":{"line":490,"column":4},"end":{"line":490,"column":4}},{"start":{"line":490,"column":4},"end":{"line":490,"column":4}}]},"44":{"line":494,"type":"if","locations":[{"start":{"line":494,"column":4},"end":{"line":494,"column":4}},{"start":{"line":494,"column":4},"end":{"line":494,"column":4}}]},"45":{"line":510,"type":"if","locations":[{"start":{"line":510,"column":4},"end":{"line":510,"column":4}},{"start":{"line":510,"column":4},"end":{"line":510,"column":4}}]},"46":{"line":519,"type":"if","locations":[{"start":{"line":519,"column":4},"end":{"line":519,"column":4}},{"start":{"line":519,"column":4},"end":{"line":519,"column":4}}]},"47":{"line":531,"type":"if","locations":[{"start":{"line":531,"column":4},"end":{"line":531,"column":4}},{"start":{"line":531,"column":4},"end":{"line":531,"column":4}}]},"48":{"line":542,"type":"if","locations":[{"start":{"line":542,"column":4},"end":{"line":542,"column":4}},{"start":{"line":542,"column":4},"end":{"line":542,"column":4}}]},"49":{"line":551,"type":"if","locations":[{"start":{"line":551,"column":4},"end":{"line":551,"column":4}},{"start":{"line":551,"column":4},"end":{"line":551,"column":4}}]},"50":{"line":553,"type":"if","locations":[{"start":{"line":553,"column":6},"end":{"line":553,"column":6}},{"start":{"line":553,"column":6},"end":{"line":553,"column":6}}]},"51":{"line":562,"type":"if","locations":[{"start":{"line":562,"column":8},"end":{"line":562,"column":8}},{"start":{"line":562,"column":8},"end":{"line":562,"column":8}}]},"52":{"line":569,"type":"if","locations":[{"start":{"line":569,"column":13},"end":{"line":569,"column":13}},{"start":{"line":569,"column":13},"end":{"line":569,"column":13}}]},"53":{"line":578,"type":"if","locations":[{"start":{"line":578,"column":8},"end":{"line":578,"column":8}},{"start":{"line":578,"column":8},"end":{"line":578,"column":8}}]},"54":{"line":589,"type":"if","locations":[{"start":{"line":589,"column":4},"end":{"line":589,"column":4}},{"start":{"line":589,"column":4},"end":{"line":589,"column":4}}]},"55":{"line":591,"type":"if","locations":[{"start":{"line":591,"column":11},"end":{"line":591,"column":11}},{"start":{"line":591,"column":11},"end":{"line":591,"column":11}}]},"56":{"line":606,"type":"if","locations":[{"start":{"line":606,"column":4},"end":{"line":606,"column":4}},{"start":{"line":606,"column":4},"end":{"line":606,"column":4}}]},"57":{"line":609,"type":"if","locations":[{"start":{"line":609,"column":4},"end":{"line":609,"column":4}},{"start":{"line":609,"column":4},"end":{"line":609,"column":4}}]},"58":{"line":612,"type":"if","locations":[{"start":{"line":612,"column":4},"end":{"line":612,"column":4}},{"start":{"line":612,"column":4},"end":{"line":612,"column":4}}]},"59":{"line":623,"type":"if","locations":[{"start":{"line":623,"column":4},"end":{"line":623,"column":4}},{"start":{"line":623,"column":4},"end":{"line":623,"column":4}}]},"60":{"line":626,"type":"if","locations":[{"start":{"line":626,"column":4},"end":{"line":626,"column":4}},{"start":{"line":626,"column":4},"end":{"line":626,"column":4}}]},"61":{"line":629,"type":"if","locations":[{"start":{"line":629,"column":4},"end":{"line":629,"column":4}},{"start":{"line":629,"column":4},"end":{"line":629,"column":4}}]},"62":{"line":687,"type":"if","locations":[{"start":{"line":687,"column":4},"end":{"line":687,"column":4}},{"start":{"line":687,"column":4},"end":{"line":687,"column":4}}]},"63":{"line":701,"type":"if","locations":[{"start":{"line":701,"column":4},"end":{"line":701,"column":4}},{"start":{"line":701,"column":4},"end":{"line":701,"column":4}}]},"64":{"line":716,"type":"if","locations":[{"start":{"line":716,"column":48},"end":{"line":716,"column":48}},{"start":{"line":716,"column":48},"end":{"line":716,"column":48}}]}}},"contracts/Router.sol":{"l":{"94":0,"95":0,"96":0,"101":0,"102":0,"103":0,"109":0,"110":0,"111":0,"121":0,"122":0,"128":0,"133":0,"134":0,"135":0,"144":0,"145":0,"151":0,"155":0,"156":0,"157":0,"168":0,"169":0,"170":0,"171":0,"172":0,"174":0,"179":0,"181":0,"182":0,"192":0,"193":0,"194":0,"195":0,"196":0,"198":0,"202":0,"204":0,"205":0,"210":0,"213":0,"215":0,"216":0,"217":0,"232":0,"235":0,"237":0,"238":0,"239":0,"254":0,"257":0,"263":0,"266":0,"269":0,"278":1,"279":1,"280":1,"282":0,"283":0,"292":1,"293":1,"294":1,"296":0,"297":0,"302":1,"303":1,"309":0,"314":0,"323":2,"332":2,"341":0,"349":0,"357":0,"367":0,"371":0,"381":0,"382":0,"383":0,"388":0,"393":0,"394":0,"399":0,"404":0,"409":0,"410":0,"411":0,"412":0,"413":0,"415":0,"416":0,"423":0,"424":0,"425":0,"426":0,"427":0,"429":0,"430":0,"436":12},"path":"/home/taisei/AceSwap/contracts/Router.sol","s":{"1":0,"2":0,"3":0,"4":0,"5":0,"6":0,"7":0,"8":0,"9":0,"10":0,"11":0,"12":0,"13":0,"14":0,"15":0,"16":0,"17":0,"18":0,"19":0,"20":0,"21":0,"22":0,"23":0,"24":0,"25":0,"26":0,"27":0,"28":0,"29":0,"30":0,"31":0,"32":0,"33":0,"34":0,"35":0,"36":0,"37":0,"38":0,"39":0,"40":0,"41":0,"42":0,"43":0,"44":0,"45":0,"46":0,"47":0,"48":0,"49":1,"50":1,"51":0,"52":0,"53":1,"54":1,"55":0,"56":0,"57":1,"58":1,"59":0,"60":0,"61":2,"62":2,"63":0,"64":0,"65":0,"66":0,"67":0,"68":0,"69":0,"70":0,"71":0,"72":0,"73":0,"74":0,"75":0,"76":0,"77":0,"78":0,"79":0,"80":0},"b":{"1":[0,0],"2":[0,0],"3":[1,0],"4":[1,0],"5":[0,0],"6":[1,0],"7":[1,0],"8":[0,0],"9":[0,0],"10":[0,0],"11":[0,0],"12":[0,0]},"f":{"1":0,"2":0,"3":0,"4":0,"5":0,"6":0,"7":0,"8":0,"9":0,"10":0,"11":1,"12":1,"13":1,"14":0,"15":0,"16":2,"17":2,"18":0,"19":0,"20":0,"21":0,"22":0,"23":0,"24":0,"25":0,"26":0,"27":0,"28":0},"fnMap":{"1":{"name":"stakeNFT","line":93,"loc":{"start":{"line":93,"column":2},"end":{"line":97,"column":2}}},"2":{"name":"stakeFT","line":100,"loc":{"start":{"line":100,"column":2},"end":{"line":112,"column":2}}},"3":{"name":"swapNFTforFT","line":115,"loc":{"start":{"line":115,"column":2},"end":{"line":136,"column":2}}},"4":{"name":"swapFTforNFT","line":139,"loc":{"start":{"line":139,"column":2},"end":{"line":158,"column":2}}},"5":{"name":"batchSwapNFTforFT","line":161,"loc":{"start":{"line":161,"column":2},"end":{"line":183,"column":2}}},"6":{"name":"batchSwapFTforNFT","line":186,"loc":{"start":{"line":186,"column":2},"end":{"line":206,"column":2}}},"7":{"name":"withdrawNFT","line":209,"loc":{"start":{"line":209,"column":2},"end":{"line":224,"column":2}}},"8":{"name":"withdrawFT","line":227,"loc":{"start":{"line":227,"column":2},"end":{"line":247,"column":2}}},"9":{"name":"withdrawProtocolFee","line":250,"loc":{"start":{"line":250,"column":2},"end":{"line":258,"column":2}}},"10":{"name":"withdrawSupportFee","line":261,"loc":{"start":{"line":261,"column":2},"end":{"line":270,"column":2}}},"11":{"name":"setBondingCurveApprove","line":276,"loc":{"start":{"line":274,"column":2},"end":{"line":285,"column":2}}},"12":{"name":"setCollectionApprove","line":290,"loc":{"start":{"line":288,"column":2},"end":{"line":299,"column":2}}},"13":{"name":"addCollectionPoolList","line":301,"loc":{"start":{"line":301,"column":2},"end":{"line":304,"column":2}}},"14":{"name":"getCollectionList","line":308,"loc":{"start":{"line":308,"column":2},"end":{"line":310,"column":2}}},"15":{"name":"getBondingCurveList","line":313,"loc":{"start":{"line":313,"column":2},"end":{"line":315,"column":2}}},"16":{"name":"getIsCollectionApprove","line":318,"loc":{"start":{"line":318,"column":2},"end":{"line":324,"column":2}}},"17":{"name":"getIsBondingCurveApprove","line":327,"loc":{"start":{"line":327,"column":2},"end":{"line":333,"column":2}}},"18":{"name":"getCollectionPoolList","line":336,"loc":{"start":{"line":336,"column":2},"end":{"line":342,"column":2}}},"19":{"name":"getPoolInfo","line":345,"loc":{"start":{"line":345,"column":2},"end":{"line":350,"column":2}}},"20":{"name":"getUserInfo","line":353,"loc":{"start":{"line":353,"column":2},"end":{"line":358,"column":2}}},"21":{"name":"_calcFee","line":362,"loc":{"start":{"line":362,"column":2},"end":{"line":372,"column":2}}},"22":{"name":"_updateFee","line":375,"loc":{"start":{"line":375,"column":2},"end":{"line":384,"column":2}}},"23":{"name":"_removeCollection","line":387,"loc":{"start":{"line":387,"column":2},"end":{"line":389,"column":2}}},"24":{"name":"_removeCollectionPool","line":392,"loc":{"start":{"line":392,"column":2},"end":{"line":395,"column":2}}},"25":{"name":"_removeUserStakePool","line":398,"loc":{"start":{"line":398,"column":2},"end":{"line":400,"column":2}}},"26":{"name":"_removeBondingCurve","line":403,"loc":{"start":{"line":403,"column":2},"end":{"line":405,"column":2}}},"27":{"name":"_removeAddress","line":408,"loc":{"start":{"line":408,"column":2},"end":{"line":419,"column":2}}},"28":{"name":"_removeUint","line":422,"loc":{"start":{"line":422,"column":2},"end":{"line":433,"column":2}}}},"statementMap":{"1":{"start":{"line":94,"column":4},"end":{"line":94,"column":44}},"2":{"start":{"line":95,"column":4},"end":{"line":95,"column":50}},"3":{"start":{"line":96,"column":4},"end":{"line":96,"column":65}},"4":{"start":{"line":101,"column":4},"end":{"line":101,"column":70}},"5":{"start":{"line":102,"column":4},"end":{"line":102,"column":58}},"6":{"start":{"line":103,"column":4},"end":{"line":103,"column":2727}},"7":{"start":{"line":109,"column":4},"end":{"line":109,"column":44}},"8":{"start":{"line":110,"column":4},"end":{"line":110,"column":70}},"9":{"start":{"line":111,"column":4},"end":{"line":111,"column":60}},"10":{"start":{"line":121,"column":4},"end":{"line":121,"column":70}},"11":{"start":{"line":122,"column":4},"end":{"line":122,"column":3292}},"12":{"start":{"line":128,"column":4},"end":{"line":128,"column":3435}},"13":{"start":{"line":133,"column":4},"end":{"line":133,"column":72}},"14":{"start":{"line":134,"column":4},"end":{"line":134,"column":64}},"15":{"start":{"line":135,"column":4},"end":{"line":135,"column":72}},"16":{"start":{"line":144,"column":4},"end":{"line":144,"column":70}},"17":{"start":{"line":145,"column":4},"end":{"line":145,"column":3992}},"18":{"start":{"line":151,"column":4},"end":{"line":151,"column":4134}},"19":{"start":{"line":155,"column":4},"end":{"line":155,"column":72}},"20":{"start":{"line":156,"column":4},"end":{"line":156,"column":64}},"21":{"start":{"line":157,"column":4},"end":{"line":157,"column":72}},"22":{"start":{"line":168,"column":4},"end":{"line":168,"column":29}},"23":{"start":{"line":169,"column":4},"end":{"line":169,"column":4727}},"24":{"start":{"line":170,"column":6},"end":{"line":170,"column":28}},"25":{"start":{"line":171,"column":6},"end":{"line":171,"column":4813}},"26":{"start":{"line":174,"column":6},"end":{"line":174,"column":4905}},"27":{"start":{"line":181,"column":4},"end":{"line":181,"column":77}},"28":{"start":{"line":182,"column":4},"end":{"line":182,"column":69}},"29":{"start":{"line":192,"column":4},"end":{"line":192,"column":29}},"30":{"start":{"line":193,"column":4},"end":{"line":193,"column":5458}},"31":{"start":{"line":194,"column":6},"end":{"line":194,"column":28}},"32":{"start":{"line":195,"column":6},"end":{"line":195,"column":5544}},"33":{"start":{"line":198,"column":6},"end":{"line":198,"column":5636}},"34":{"start":{"line":204,"column":4},"end":{"line":204,"column":77}},"35":{"start":{"line":205,"column":4},"end":{"line":205,"column":69}},"36":{"start":{"line":210,"column":4},"end":{"line":210,"column":6054}},"37":{"start":{"line":213,"column":4},"end":{"line":213,"column":69}},"38":{"start":{"line":215,"column":4},"end":{"line":215,"column":42}},"39":{"start":{"line":216,"column":4},"end":{"line":216,"column":53}},"40":{"start":{"line":217,"column":4},"end":{"line":217,"column":6321}},"41":{"start":{"line":232,"column":4},"end":{"line":232,"column":6596}},"42":{"start":{"line":235,"column":4},"end":{"line":235,"column":68}},"43":{"start":{"line":237,"column":4},"end":{"line":237,"column":42}},"44":{"start":{"line":238,"column":4},"end":{"line":238,"column":66}},"45":{"start":{"line":239,"column":4},"end":{"line":239,"column":6875}},"46":{"start":{"line":257,"column":4},"end":{"line":257,"column":49}},"47":{"start":{"line":263,"column":4},"end":{"line":263,"column":78}},"48":{"start":{"line":269,"column":4},"end":{"line":269,"column":66}},"49":{"start":{"line":278,"column":4},"end":{"line":278,"column":7720}},"50":{"start":{"line":279,"column":6},"end":{"line":279,"column":41}},"51":{"start":{"line":281,"column":11},"end":{"line":281,"column":7854}},"52":{"start":{"line":282,"column":6},"end":{"line":282,"column":39}},"53":{"start":{"line":292,"column":4},"end":{"line":292,"column":8126}},"54":{"start":{"line":293,"column":6},"end":{"line":293,"column":37}},"55":{"start":{"line":295,"column":11},"end":{"line":295,"column":8252}},"56":{"start":{"line":296,"column":6},"end":{"line":296,"column":35}},"57":{"start":{"line":302,"column":4},"end":{"line":302,"column":21}},"58":{"start":{"line":303,"column":4},"end":{"line":303,"column":46}},"59":{"start":{"line":309,"column":4},"end":{"line":309,"column":25}},"60":{"start":{"line":314,"column":4},"end":{"line":314,"column":27}},"61":{"start":{"line":323,"column":4},"end":{"line":323,"column":43}},"62":{"start":{"line":332,"column":4},"end":{"line":332,"column":47}},"63":{"start":{"line":341,"column":4},"end":{"line":341,"column":42}},"64":{"start":{"line":349,"column":4},"end":{"line":349,"column":39}},"65":{"start":{"line":357,"column":4},"end":{"line":357,"column":45}},"66":{"start":{"line":388,"column":4},"end":{"line":388,"column":46}},"67":{"start":{"line":393,"column":4},"end":{"line":393,"column":54}},"68":{"start":{"line":394,"column":4},"end":{"line":394,"column":57}},"69":{"start":{"line":399,"column":4},"end":{"line":399,"column":50}},"70":{"start":{"line":404,"column":4},"end":{"line":404,"column":50}},"71":{"start":{"line":409,"column":4},"end":{"line":409,"column":32}},"72":{"start":{"line":410,"column":4},"end":{"line":410,"column":11339}},"73":{"start":{"line":411,"column":6},"end":{"line":411,"column":11384}},"74":{"start":{"line":412,"column":8},"end":{"line":412,"column":11422}},"75":{"start":{"line":415,"column":8},"end":{"line":415,"column":19}},"76":{"start":{"line":423,"column":4},"end":{"line":423,"column":32}},"77":{"start":{"line":424,"column":4},"end":{"line":424,"column":11706}},"78":{"start":{"line":425,"column":6},"end":{"line":425,"column":11751}},"79":{"start":{"line":426,"column":8},"end":{"line":426,"column":11789}},"80":{"start":{"line":429,"column":8},"end":{"line":429,"column":19}}},"branchMap":{"1":{"line":250,"type":"if","locations":[{"start":{"line":250,"column":48},"end":{"line":250,"column":48}},{"start":{"line":250,"column":48},"end":{"line":250,"column":48}}]},"2":{"line":263,"type":"if","locations":[{"start":{"line":263,"column":4},"end":{"line":263,"column":4}},{"start":{"line":263,"column":4},"end":{"line":263,"column":4}}]},"3":{"line":276,"type":"if","locations":[{"start":{"line":276,"column":4},"end":{"line":276,"column":4}},{"start":{"line":276,"column":4},"end":{"line":276,"column":4}}]},"4":{"line":278,"type":"if","locations":[{"start":{"line":278,"column":4},"end":{"line":278,"column":4}},{"start":{"line":278,"column":4},"end":{"line":278,"column":4}}]},"5":{"line":281,"type":"if","locations":[{"start":{"line":281,"column":11},"end":{"line":281,"column":11}},{"start":{"line":281,"column":11},"end":{"line":281,"column":11}}]},"6":{"line":290,"type":"if","locations":[{"start":{"line":290,"column":4},"end":{"line":290,"column":4}},{"start":{"line":290,"column":4},"end":{"line":290,"column":4}}]},"7":{"line":292,"type":"if","locations":[{"start":{"line":292,"column":4},"end":{"line":292,"column":4}},{"start":{"line":292,"column":4},"end":{"line":292,"column":4}}]},"8":{"line":295,"type":"if","locations":[{"start":{"line":295,"column":11},"end":{"line":295,"column":11}},{"start":{"line":295,"column":11},"end":{"line":295,"column":11}}]},"9":{"line":411,"type":"if","locations":[{"start":{"line":411,"column":6},"end":{"line":411,"column":6}},{"start":{"line":411,"column":6},"end":{"line":411,"column":6}}]},"10":{"line":412,"type":"if","locations":[{"start":{"line":412,"column":8},"end":{"line":412,"column":8}},{"start":{"line":412,"column":8},"end":{"line":412,"column":8}}]},"11":{"line":425,"type":"if","locations":[{"start":{"line":425,"column":6},"end":{"line":425,"column":6}},{"start":{"line":425,"column":6},"end":{"line":425,"column":6}}]},"12":{"line":426,"type":"if","locations":[{"start":{"line":426,"column":8},"end":{"line":426,"column":8}},{"start":{"line":426,"column":8},"end":{"line":426,"column":8}}]}}},"contracts/SampleNFT.sol":{"l":{"23":3,"33":0,"34":0,"44":0,"48":0,"52":0,"53":0,"54":0,"55":0,"60":14,"61":14,"62":14,"66":0,"67":0,"76":0,"77":0,"78":0,"79":0,"81":0,"85":3},"path":"/home/taisei/AceSwap/contracts/SampleNFT.sol","s":{"1":3,"2":0,"3":0,"4":0,"5":0,"6":0,"7":0,"8":0,"9":0,"10":14,"11":14,"12":14,"13":0,"14":0,"15":0,"16":0,"17":0,"18":0},"b":{"1":[0,0],"2":[0,0],"3":[3,0]},"f":{"1":3,"2":0,"3":0,"4":14,"5":0,"6":0,"7":3},"fnMap":{"1":{"name":"constructor","line":22,"loc":{"start":{"line":18,"column":2},"end":{"line":24,"column":2}}},"2":{"name":"tokenURI","line":26,"loc":{"start":{"line":26,"column":2},"end":{"line":49,"column":2}}},"3":{"name":"batchMint","line":51,"loc":{"start":{"line":51,"column":2},"end":{"line":57,"column":2}}},"4":{"name":"mint","line":59,"loc":{"start":{"line":59,"column":2},"end":{"line":63,"column":2}}},"5":{"name":"batchApprove","line":65,"loc":{"start":{"line":65,"column":2},"end":{"line":69,"column":2}}},"6":{"name":"getAllHeldIds","line":71,"loc":{"start":{"line":71,"column":2},"end":{"line":82,"column":2}}},"7":{"name":"setBaseURI","line":84,"loc":{"start":{"line":84,"column":2},"end":{"line":86,"column":2}}}},"statementMap":{"1":{"start":{"line":23,"column":4},"end":{"line":23,"column":27}},"2":{"start":{"line":33,"column":4},"end":{"line":33,"column":50}},"3":{"start":{"line":34,"column":4},"end":{"line":34,"column":917}},"4":{"start":{"line":44,"column":4},"end":{"line":44,"column":1237}},"5":{"start":{"line":48,"column":4},"end":{"line":48,"column":27}},"6":{"start":{"line":52,"column":4},"end":{"line":52,"column":1460}},"7":{"start":{"line":53,"column":6},"end":{"line":53,"column":32}},"8":{"start":{"line":54,"column":6},"end":{"line":54,"column":49}},"9":{"start":{"line":55,"column":6},"end":{"line":55,"column":23}},"10":{"start":{"line":60,"column":4},"end":{"line":60,"column":30}},"11":{"start":{"line":61,"column":4},"end":{"line":61,"column":47}},"12":{"start":{"line":62,"column":4},"end":{"line":62,"column":29}},"13":{"start":{"line":66,"column":4},"end":{"line":66,"column":1843}},"14":{"start":{"line":67,"column":6},"end":{"line":67,"column":29}},"15":{"start":{"line":76,"column":4},"end":{"line":76,"column":37}},"16":{"start":{"line":77,"column":4},"end":{"line":77,"column":49}},"17":{"start":{"line":78,"column":4},"end":{"line":78,"column":2124}},"18":{"start":{"line":81,"column":4},"end":{"line":81,"column":14}}},"branchMap":{"1":{"line":33,"type":"if","locations":[{"start":{"line":33,"column":4},"end":{"line":33,"column":4}},{"start":{"line":33,"column":4},"end":{"line":33,"column":4}}]},"2":{"line":51,"type":"if","locations":[{"start":{"line":51,"column":53},"end":{"line":51,"column":53}},{"start":{"line":51,"column":53},"end":{"line":51,"column":53}}]},"3":{"line":84,"type":"if","locations":[{"start":{"line":84,"column":56},"end":{"line":84,"column":56}},{"start":{"line":84,"column":56},"end":{"line":84,"column":56}}]}}},"contracts/SampleNFT2.sol":{"l":{"23":0,"33":0,"34":0,"44":0,"48":0,"52":0,"53":0,"54":0,"55":0,"60":0,"61":0,"62":0,"66":0,"67":0,"76":0,"77":0,"78":0,"79":0,"81":0,"85":0},"path":"/home/taisei/AceSwap/contracts/SampleNFT2.sol","s":{"1":0,"2":0,"3":0,"4":0,"5":0,"6":0,"7":0,"8":0,"9":0,"10":0,"11":0,"12":0,"13":0,"14":0,"15":0,"16":0,"17":0,"18":0},"b":{"1":[0,0],"2":[0,0],"3":[0,0]},"f":{"1":0,"2":0,"3":0,"4":0,"5":0,"6":0,"7":0},"fnMap":{"1":{"name":"constructor","line":22,"loc":{"start":{"line":18,"column":2},"end":{"line":24,"column":2}}},"2":{"name":"tokenURI","line":26,"loc":{"start":{"line":26,"column":2},"end":{"line":49,"column":2}}},"3":{"name":"batchMint","line":51,"loc":{"start":{"line":51,"column":2},"end":{"line":57,"column":2}}},"4":{"name":"mint","line":59,"loc":{"start":{"line":59,"column":2},"end":{"line":63,"column":2}}},"5":{"name":"batchApprove","line":65,"loc":{"start":{"line":65,"column":2},"end":{"line":69,"column":2}}},"6":{"name":"getAllHeldIds","line":71,"loc":{"start":{"line":71,"column":2},"end":{"line":82,"column":2}}},"7":{"name":"setBaseURI","line":84,"loc":{"start":{"line":84,"column":2},"end":{"line":86,"column":2}}}},"statementMap":{"1":{"start":{"line":23,"column":4},"end":{"line":23,"column":27}},"2":{"start":{"line":33,"column":4},"end":{"line":33,"column":50}},"3":{"start":{"line":34,"column":4},"end":{"line":34,"column":918}},"4":{"start":{"line":44,"column":4},"end":{"line":44,"column":1235}},"5":{"start":{"line":48,"column":4},"end":{"line":48,"column":27}},"6":{"start":{"line":52,"column":4},"end":{"line":52,"column":1458}},"7":{"start":{"line":53,"column":6},"end":{"line":53,"column":32}},"8":{"start":{"line":54,"column":6},"end":{"line":54,"column":49}},"9":{"start":{"line":55,"column":6},"end":{"line":55,"column":23}},"10":{"start":{"line":60,"column":4},"end":{"line":60,"column":30}},"11":{"start":{"line":61,"column":4},"end":{"line":61,"column":47}},"12":{"start":{"line":62,"column":4},"end":{"line":62,"column":29}},"13":{"start":{"line":66,"column":4},"end":{"line":66,"column":1841}},"14":{"start":{"line":67,"column":6},"end":{"line":67,"column":29}},"15":{"start":{"line":76,"column":4},"end":{"line":76,"column":37}},"16":{"start":{"line":77,"column":4},"end":{"line":77,"column":49}},"17":{"start":{"line":78,"column":4},"end":{"line":78,"column":2122}},"18":{"start":{"line":81,"column":4},"end":{"line":81,"column":14}}},"branchMap":{"1":{"line":33,"type":"if","locations":[{"start":{"line":33,"column":4},"end":{"line":33,"column":4}},{"start":{"line":33,"column":4},"end":{"line":33,"column":4}}]},"2":{"line":51,"type":"if","locations":[{"start":{"line":51,"column":53},"end":{"line":51,"column":53}},{"start":{"line":51,"column":53},"end":{"line":51,"column":53}}]},"3":{"line":84,"type":"if","locations":[{"start":{"line":84,"column":56},"end":{"line":84,"column":56}},{"start":{"line":84,"column":56},"end":{"line":84,"column":56}}]}}}}