{"contracts/bonding-curves/CurveErrorCode.sol":{"l":{},"path":"/home/taisei/AceSwap/contracts/bonding-curves/CurveErrorCode.sol","s":{},"b":{},"f":{},"fnMap":{},"statementMap":{},"branchMap":{}},"contracts/bonding-curves/LinearCurve.sol":{"l":{"27":10,"28":0,"31":10,"34":10,"35":0,"38":10,"40":10,"42":10,"44":10,"46":10,"66":9,"67":0,"70":9,"73":9,"74":0,"76":0,"77":0,"79":9,"82":9,"84":9,"86":9,"90":9,"92":9,"101":2,"105":2,"110":2,"119":0,"120":0,"125":0},"path":"/home/taisei/AceSwap/contracts/bonding-curves/LinearCurve.sol","s":{"1":10,"2":0,"3":10,"4":10,"5":0,"6":9,"7":0,"8":9,"9":9,"10":0,"11":9,"12":2,"13":0},"b":{"1":[0,10],"2":[0,10],"3":[0,9],"4":[0,9]},"f":{"1":10,"2":9,"3":2,"4":0},"fnMap":{"1":{"name":"getBuyInfo","line":10,"loc":{"start":{"line":10,"column":2},"end":{"line":47,"column":2}}},"2":{"name":"getSellInfo","line":49,"loc":{"start":{"line":49,"column":2},"end":{"line":93,"column":2}}},"3":{"name":"getBuyFeeInfo","line":95,"loc":{"start":{"line":95,"column":2},"end":{"line":111,"column":2}}},"4":{"name":"getSellFeeInfo","line":113,"loc":{"start":{"line":113,"column":2},"end":{"line":126,"column":2}}}},"statementMap":{"1":{"start":{"line":27,"column":4},"end":{"line":27,"column":558}},"2":{"start":{"line":28,"column":6},"end":{"line":28,"column":49}},"3":{"start":{"line":31,"column":4},"end":{"line":31,"column":56}},"4":{"start":{"line":34,"column":4},"end":{"line":34,"column":721}},"5":{"start":{"line":35,"column":6},"end":{"line":35,"column":52}},"6":{"start":{"line":66,"column":4},"end":{"line":66,"column":1339}},"7":{"start":{"line":67,"column":6},"end":{"line":67,"column":49}},"8":{"start":{"line":70,"column":4},"end":{"line":70,"column":49}},"9":{"start":{"line":73,"column":4},"end":{"line":73,"column":1495}},"10":{"start":{"line":76,"column":6},"end":{"line":76,"column":59}},"11":{"start":{"line":86,"column":4},"end":{"line":86,"column":1804}},"12":{"start":{"line":101,"column":4},"end":{"line":101,"column":2191}},"13":{"start":{"line":119,"column":4},"end":{"line":119,"column":77}}},"branchMap":{"1":{"line":27,"type":"if","locations":[{"start":{"line":27,"column":4},"end":{"line":27,"column":4}},{"start":{"line":27,"column":4},"end":{"line":27,"column":4}}]},"2":{"line":34,"type":"if","locations":[{"start":{"line":34,"column":4},"end":{"line":34,"column":4}},{"start":{"line":34,"column":4},"end":{"line":34,"column":4}}]},"3":{"line":66,"type":"if","locations":[{"start":{"line":66,"column":4},"end":{"line":66,"column":4}},{"start":{"line":66,"column":4},"end":{"line":66,"column":4}}]},"4":{"line":73,"type":"if","locations":[{"start":{"line":73,"column":4},"end":{"line":73,"column":4}},{"start":{"line":73,"column":4},"end":{"line":73,"column":4}}]}}},"contracts/Factory721.sol":{"l":{"22":6,"23":6,"35":1,"39":1,"40":1,"42":1,"54":1,"56":1,"61":0,"65":0},"path":"/home/taisei/AceSwap/contracts/Factory721.sol","s":{"1":1,"2":1,"3":1,"4":1,"5":1,"6":1},"b":{"1":[1,0],"2":[1,0],"3":[1,0],"4":[0,0],"5":[0,0]},"f":{"1":6,"2":1,"3":0,"4":0},"fnMap":{"1":{"name":"constructor","line":21,"loc":{"start":{"line":21,"column":2},"end":{"line":24,"column":2}}},"2":{"name":"createPool","line":28,"loc":{"start":{"line":28,"column":2},"end":{"line":57,"column":2}}},"3":{"name":"setRouterAddress","line":60,"loc":{"start":{"line":60,"column":2},"end":{"line":62,"column":2}}},"4":{"name":"setRouterFeeRatio","line":64,"loc":{"start":{"line":64,"column":2},"end":{"line":66,"column":2}}}},"statementMap":{"1":{"start":{"line":35,"column":4},"end":{"line":35,"column":871}},"2":{"start":{"line":39,"column":4},"end":{"line":39,"column":71}},"3":{"start":{"line":40,"column":4},"end":{"line":40,"column":75}},"4":{"start":{"line":42,"column":4},"end":{"line":42,"column":1137}},"5":{"start":{"line":54,"column":4},"end":{"line":54,"column":60}},"6":{"start":{"line":56,"column":4},"end":{"line":56,"column":39}}},"branchMap":{"1":{"line":35,"type":"if","locations":[{"start":{"line":35,"column":4},"end":{"line":35,"column":4}},{"start":{"line":35,"column":4},"end":{"line":35,"column":4}}]},"2":{"line":39,"type":"if","locations":[{"start":{"line":39,"column":4},"end":{"line":39,"column":4}},{"start":{"line":39,"column":4},"end":{"line":39,"column":4}}]},"3":{"line":40,"type":"if","locations":[{"start":{"line":40,"column":4},"end":{"line":40,"column":4}},{"start":{"line":40,"column":4},"end":{"line":40,"column":4}}]},"4":{"line":60,"type":"if","locations":[{"start":{"line":60,"column":55},"end":{"line":60,"column":55}},{"start":{"line":60,"column":55},"end":{"line":60,"column":55}}]},"5":{"line":64,"type":"if","locations":[{"start":{"line":64,"column":64},"end":{"line":64,"column":64}},{"start":{"line":64,"column":64},"end":{"line":64,"column":64}}]}}},"contracts/interfaces/ICurve.sol":{"l":{},"path":"/home/taisei/AceSwap/contracts/interfaces/ICurve.sol","s":{},"b":{},"f":{},"fnMap":{},"statementMap":{},"branchMap":{}},"contracts/interfaces/IPool721.sol":{"l":{},"path":"/home/taisei/AceSwap/contracts/interfaces/IPool721.sol","s":{},"b":{},"f":{},"fnMap":{},"statementMap":{},"branchMap":{}},"contracts/interfaces/IRouter.sol":{"l":{},"path":"/home/taisei/AceSwap/contracts/interfaces/IRouter.sol","s":{},"b":{},"f":{},"fnMap":{},"statementMap":{},"branchMap":{}},"contracts/lib/FixedPointMathLib.sol":{"l":{"12":13,"31":0,"54":0},"path":"/home/taisei/AceSwap/contracts/lib/FixedPointMathLib.sol","s":{},"b":{},"f":{"1":13,"2":0,"3":0},"fnMap":{"1":{"name":"fmul","line":7,"loc":{"start":{"line":7,"column":2},"end":{"line":24,"column":2}}},"2":{"name":"fdiv","line":26,"loc":{"start":{"line":26,"column":2},"end":{"line":47,"column":2}}},"3":{"name":"fpow","line":49,"loc":{"start":{"line":49,"column":2},"end":{"line":102,"column":2}}}},"statementMap":{},"branchMap":{}},"contracts/Pool721.sol":{"l":{"109":1,"110":1,"111":1,"112":1,"113":1,"114":1,"115":1,"116":1,"117":1,"121":0,"122":0,"126":14,"127":14,"135":6,"136":6,"139":5,"151":5,"154":5,"155":5,"156":5,"157":5,"158":5,"159":5,"162":5,"164":5,"174":4,"175":4,"178":4,"190":4,"193":4,"194":4,"197":3,"198":3,"199":3,"200":3,"201":3,"204":3,"205":3,"206":3,"208":3,"217":4,"218":4,"221":4,"233":4,"236":4,"237":3,"238":2,"241":2,"242":2,"243":2,"244":2,"245":2,"248":2,"250":2,"251":2,"254":2,"262":7,"263":7,"264":7,"267":7,"268":6,"274":5,"275":5,"276":5,"277":5,"278":5,"281":5,"282":4,"294":4,"296":4,"300":5,"301":1,"304":1,"312":1,"315":1,"327":1,"329":1,"331":1,"332":1,"334":1,"335":1,"340":5,"342":5,"343":3,"347":5,"356":0,"357":0,"358":0,"359":0,"360":0,"363":0,"364":0,"369":0,"372":0,"373":0,"374":0,"375":0,"376":0,"377":0,"380":0,"381":0,"393":0,"395":0,"399":0,"400":0,"408":0,"410":0,"422":0,"424":0,"425":0,"427":0,"428":0,"430":0,"433":0,"434":0,"437":0,"438":0,"442":0,"452":5,"453":4,"455":1,"461":7,"463":7,"464":3,"466":4,"472":0,"474":0,"475":0,"477":0,"483":5,"484":2,"485":2,"493":2,"495":2,"496":2,"497":2,"498":2,"500":0,"508":0,"510":0,"511":0,"512":0,"513":0,"519":2,"520":2,"522":0,"524":0,"525":0,"535":5,"536":5,"538":5,"539":0,"541":5,"542":0,"552":10,"553":1,"555":10,"556":9,"558":10,"559":0,"570":15,"571":15,"572":16,"584":0,"590":0,"599":0,"605":0,"614":6,"616":6,"617":6,"619":0,"628":0,"630":0,"631":0,"633":0,"638":15,"642":8,"646":0,"657":8},"path":"/home/taisei/AceSwap/contracts/Pool721.sol","s":{"1":0,"2":14,"3":6,"4":6,"5":5,"6":5,"7":5,"8":5,"9":5,"10":5,"11":4,"12":4,"13":4,"14":4,"15":4,"16":4,"17":3,"18":3,"19":3,"20":3,"21":3,"22":4,"23":4,"24":4,"25":4,"26":4,"27":3,"28":2,"29":2,"30":2,"31":2,"32":2,"33":2,"34":7,"35":7,"36":7,"37":7,"38":6,"39":5,"40":4,"41":4,"42":4,"43":5,"44":1,"45":1,"46":1,"47":1,"48":1,"49":1,"50":1,"51":1,"52":5,"53":5,"54":3,"55":5,"56":0,"57":0,"58":0,"59":0,"60":0,"61":0,"62":0,"63":0,"64":0,"65":0,"66":0,"67":0,"68":0,"69":0,"70":0,"71":0,"72":0,"73":0,"74":0,"75":0,"76":0,"77":0,"78":0,"79":0,"80":5,"81":7,"82":7,"83":0,"84":0,"85":5,"86":2,"87":2,"88":2,"89":2,"90":0,"91":0,"92":0,"93":0,"94":2,"95":0,"96":5,"97":5,"98":5,"99":10,"100":10,"101":10,"102":15,"103":16,"104":0,"105":0,"106":0,"107":0,"108":6,"109":6,"110":0,"111":0,"112":15,"113":8,"114":8},"b":{"1":[0,0],"2":[14,0],"3":[14,0],"4":[6,0],"5":[5,1],"6":[5,0],"7":[4,0],"8":[4,0],"9":[4,0],"10":[4,0],"11":[3,1],"12":[4,0],"13":[4,0],"14":[4,0],"15":[3,1],"16":[2,1],"17":[2,0],"18":[6,1],"19":[5,1],"20":[4,1],"21":[4,1],"22":[4,0],"23":[1,4],"24":[1,0],"25":[1,0],"26":[1,0],"27":[3,2],"28":[0,0],"29":[0,0],"30":[0,0],"31":[0,0],"32":[0,0],"33":[0,0],"34":[0,0],"35":[0,0],"36":[0,0],"37":[0,0],"38":[0,0],"39":[4,1],"40":[3,4],"41":[0,0],"42":[2,3],"43":[2,0],"44":[2,0],"45":[0,0],"46":[0,0],"47":[2,0],"48":[0,0],"49":[5,0],"50":[0,5],"51":[0,5],"52":[1,9],"53":[9,1],"54":[0,10],"55":[6,0],"56":[0,0],"57":[0,0]},"f":{"1":1,"2":0,"3":14,"4":6,"5":4,"6":4,"7":7,"8":0,"9":5,"10":7,"11":0,"12":5,"13":2,"14":5,"15":10,"16":15,"17":0,"18":0,"19":6,"20":0,"21":15,"22":8,"23":0,"24":8},"fnMap":{"1":{"name":"constructor","line":100,"loc":{"start":{"line":100,"column":2},"end":{"line":118,"column":2}}},"2":{"name":"onlyRouter","line":120,"loc":{"start":{"line":120,"column":2},"end":{"line":123,"column":2}}},"3":{"name":"onlyOwnerOrRouter","line":125,"loc":{"start":{"line":125,"column":2},"end":{"line":128,"column":2}}},"4":{"name":"stakeNFT","line":133,"loc":{"start":{"line":131,"column":2},"end":{"line":165,"column":2}}},"5":{"name":"swapFTforNFT","line":171,"loc":{"start":{"line":168,"column":2},"end":{"line":209,"column":2}}},"6":{"name":"swapNFTforFT","line":216,"loc":{"start":{"line":212,"column":2},"end":{"line":255,"column":2}}},"7":{"name":"withdrawNFT","line":258,"loc":{"start":{"line":258,"column":2},"end":{"line":348,"column":2}}},"8":{"name":"withdrawFT","line":351,"loc":{"start":{"line":351,"column":2},"end":{"line":443,"column":2}}},"9":{"name":"_calcNFTpoint","line":447,"loc":{"start":{"line":447,"column":2},"end":{"line":457,"column":2}}},"10":{"name":"_calcNFTfee","line":460,"loc":{"start":{"line":460,"column":2},"end":{"line":468,"column":2}}},"11":{"name":"_calcFTfee","line":471,"loc":{"start":{"line":471,"column":2},"end":{"line":479,"column":2}}},"12":{"name":"_calcProfit","line":482,"loc":{"start":{"line":482,"column":2},"end":{"line":516,"column":2}}},"13":{"name":"_calcDisFee","line":518,"loc":{"start":{"line":518,"column":2},"end":{"line":527,"column":2}}},"14":{"name":"_updatePoolInfo","line":530,"loc":{"start":{"line":530,"column":2},"end":{"line":544,"column":2}}},"15":{"name":"_updateStakeInfo","line":547,"loc":{"start":{"line":547,"column":2},"end":{"line":561,"column":2}}},"16":{"name":"_sendNFTs","line":564,"loc":{"start":{"line":564,"column":2},"end":{"line":575,"column":2}}},"17":{"name":"getCalcBuyInfo","line":579,"loc":{"start":{"line":579,"column":2},"end":{"line":591,"column":2}}},"18":{"name":"getCalcSellInfo","line":594,"loc":{"start":{"line":594,"column":2},"end":{"line":606,"column":2}}},"19":{"name":"getUserStakeNFTfee","line":609,"loc":{"start":{"line":609,"column":2},"end":{"line":621,"column":2}}},"20":{"name":"getUserStakeFTfee","line":623,"loc":{"start":{"line":623,"column":2},"end":{"line":635,"column":2}}},"21":{"name":"getPoolInfo","line":637,"loc":{"start":{"line":637,"column":2},"end":{"line":639,"column":2}}},"22":{"name":"getUserInfo","line":641,"loc":{"start":{"line":641,"column":2},"end":{"line":643,"column":2}}},"23":{"name":"setRouter","line":645,"loc":{"start":{"line":645,"column":2},"end":{"line":647,"column":2}}},"24":{"name":"onERC721Received","line":651,"loc":{"start":{"line":651,"column":2},"end":{"line":658,"column":2}}}},"statementMap":{"1":{"start":{"line":121,"column":4},"end":{"line":121,"column":46}},"2":{"start":{"line":126,"column":4},"end":{"line":126,"column":55}},"3":{"start":{"line":135,"column":4},"end":{"line":135,"column":39}},"4":{"start":{"line":136,"column":4},"end":{"line":136,"column":33}},"5":{"start":{"line":139,"column":4},"end":{"line":139,"column":3163}},"6":{"start":{"line":151,"column":4},"end":{"line":151,"column":62}},"7":{"start":{"line":154,"column":4},"end":{"line":154,"column":42}},"8":{"start":{"line":159,"column":4},"end":{"line":159,"column":52}},"9":{"start":{"line":162,"column":4},"end":{"line":162,"column":55}},"10":{"start":{"line":164,"column":4},"end":{"line":164,"column":45}},"11":{"start":{"line":174,"column":4},"end":{"line":174,"column":39}},"12":{"start":{"line":175,"column":4},"end":{"line":175,"column":33}},"13":{"start":{"line":178,"column":4},"end":{"line":178,"column":4187}},"14":{"start":{"line":190,"column":4},"end":{"line":190,"column":62}},"15":{"start":{"line":193,"column":4},"end":{"line":193,"column":63}},"16":{"start":{"line":194,"column":4},"end":{"line":194,"column":54}},"17":{"start":{"line":201,"column":4},"end":{"line":201,"column":60}},"18":{"start":{"line":204,"column":4},"end":{"line":204,"column":49}},"19":{"start":{"line":205,"column":4},"end":{"line":205,"column":41}},"20":{"start":{"line":206,"column":4},"end":{"line":206,"column":63}},"21":{"start":{"line":208,"column":4},"end":{"line":208,"column":50}},"22":{"start":{"line":217,"column":4},"end":{"line":217,"column":39}},"23":{"start":{"line":218,"column":4},"end":{"line":218,"column":33}},"24":{"start":{"line":221,"column":4},"end":{"line":221,"column":5446}},"25":{"start":{"line":233,"column":4},"end":{"line":233,"column":62}},"26":{"start":{"line":236,"column":4},"end":{"line":236,"column":64}},"27":{"start":{"line":237,"column":4},"end":{"line":237,"column":60}},"28":{"start":{"line":238,"column":4},"end":{"line":238,"column":77}},"29":{"start":{"line":245,"column":4},"end":{"line":245,"column":60}},"30":{"start":{"line":248,"column":4},"end":{"line":248,"column":55}},"31":{"start":{"line":250,"column":4},"end":{"line":250,"column":37}},"32":{"start":{"line":251,"column":4},"end":{"line":251,"column":41}},"33":{"start":{"line":254,"column":4},"end":{"line":254,"column":50}},"34":{"start":{"line":262,"column":4},"end":{"line":262,"column":39}},"35":{"start":{"line":263,"column":4},"end":{"line":263,"column":53}},"36":{"start":{"line":264,"column":4},"end":{"line":264,"column":41}},"37":{"start":{"line":267,"column":4},"end":{"line":267,"column":62}},"38":{"start":{"line":268,"column":4},"end":{"line":268,"column":6813}},"39":{"start":{"line":281,"column":4},"end":{"line":281,"column":7173}},"40":{"start":{"line":282,"column":6},"end":{"line":282,"column":7204}},"41":{"start":{"line":294,"column":6},"end":{"line":294,"column":64}},"42":{"start":{"line":296,"column":6},"end":{"line":296,"column":54}},"43":{"start":{"line":300,"column":4},"end":{"line":300,"column":7645}},"44":{"start":{"line":301,"column":6},"end":{"line":301,"column":47}},"45":{"start":{"line":304,"column":6},"end":{"line":304,"column":7761}},"46":{"start":{"line":312,"column":6},"end":{"line":312,"column":64}},"47":{"start":{"line":315,"column":6},"end":{"line":315,"column":8093}},"48":{"start":{"line":327,"column":6},"end":{"line":327,"column":65}},"49":{"start":{"line":329,"column":6},"end":{"line":329,"column":53}},"50":{"start":{"line":334,"column":6},"end":{"line":334,"column":8576}},"51":{"start":{"line":335,"column":8},"end":{"line":335,"column":42}},"52":{"start":{"line":340,"column":4},"end":{"line":340,"column":55}},"53":{"start":{"line":342,"column":4},"end":{"line":342,"column":8737}},"54":{"start":{"line":343,"column":6},"end":{"line":343,"column":38}},"55":{"start":{"line":347,"column":4},"end":{"line":347,"column":58}},"56":{"start":{"line":356,"column":4},"end":{"line":356,"column":39}},"57":{"start":{"line":357,"column":4},"end":{"line":357,"column":54}},"58":{"start":{"line":358,"column":4},"end":{"line":358,"column":64}},"59":{"start":{"line":359,"column":4},"end":{"line":359,"column":40}},"60":{"start":{"line":360,"column":4},"end":{"line":360,"column":20}},"61":{"start":{"line":363,"column":4},"end":{"line":363,"column":67}},"62":{"start":{"line":364,"column":4},"end":{"line":364,"column":9340}},"63":{"start":{"line":369,"column":4},"end":{"line":369,"column":78}},"64":{"start":{"line":380,"column":4},"end":{"line":380,"column":9842}},"65":{"start":{"line":381,"column":6},"end":{"line":381,"column":9878}},"66":{"start":{"line":393,"column":6},"end":{"line":393,"column":64}},"67":{"start":{"line":395,"column":6},"end":{"line":395,"column":53}},"68":{"start":{"line":399,"column":4},"end":{"line":399,"column":10319}},"69":{"start":{"line":400,"column":6},"end":{"line":400,"column":10361}},"70":{"start":{"line":408,"column":6},"end":{"line":408,"column":64}},"71":{"start":{"line":410,"column":6},"end":{"line":410,"column":10681}},"72":{"start":{"line":422,"column":6},"end":{"line":422,"column":70}},"73":{"start":{"line":427,"column":6},"end":{"line":427,"column":46}},"74":{"start":{"line":428,"column":6},"end":{"line":428,"column":57}},"75":{"start":{"line":433,"column":4},"end":{"line":433,"column":11232}},"76":{"start":{"line":434,"column":6},"end":{"line":434,"column":52}},"77":{"start":{"line":437,"column":4},"end":{"line":437,"column":11328}},"78":{"start":{"line":438,"column":6},"end":{"line":438,"column":38}},"79":{"start":{"line":442,"column":4},"end":{"line":442,"column":74}},"80":{"start":{"line":452,"column":4},"end":{"line":452,"column":11632}},"81":{"start":{"line":461,"column":4},"end":{"line":461,"column":11946}},"82":{"start":{"line":463,"column":4},"end":{"line":463,"column":12006}},"83":{"start":{"line":472,"column":4},"end":{"line":472,"column":12315}},"84":{"start":{"line":474,"column":4},"end":{"line":474,"column":12373}},"85":{"start":{"line":483,"column":4},"end":{"line":483,"column":12610}},"86":{"start":{"line":484,"column":6},"end":{"line":484,"column":12661}},"87":{"start":{"line":485,"column":8},"end":{"line":485,"column":12709}},"88":{"start":{"line":493,"column":8},"end":{"line":493,"column":76}},"89":{"start":{"line":496,"column":8},"end":{"line":496,"column":40}},"90":{"start":{"line":499,"column":13},"end":{"line":499,"column":13233}},"91":{"start":{"line":500,"column":8},"end":{"line":500,"column":13280}},"92":{"start":{"line":508,"column":8},"end":{"line":508,"column":76}},"93":{"start":{"line":511,"column":8},"end":{"line":511,"column":40}},"94":{"start":{"line":519,"column":4},"end":{"line":519,"column":13866}},"95":{"start":{"line":521,"column":11},"end":{"line":521,"column":13936}},"96":{"start":{"line":535,"column":4},"end":{"line":535,"column":14260}},"97":{"start":{"line":538,"column":4},"end":{"line":538,"column":14355}},"98":{"start":{"line":541,"column":4},"end":{"line":541,"column":14452}},"99":{"start":{"line":552,"column":4},"end":{"line":552,"column":14723}},"100":{"start":{"line":555,"column":4},"end":{"line":555,"column":14824}},"101":{"start":{"line":558,"column":4},"end":{"line":558,"column":14927}},"102":{"start":{"line":571,"column":6},"end":{"line":571,"column":15206}},"103":{"start":{"line":572,"column":8},"end":{"line":572,"column":73}},"104":{"start":{"line":584,"column":4},"end":{"line":584,"column":15520}},"105":{"start":{"line":590,"column":4},"end":{"line":590,"column":20}},"106":{"start":{"line":599,"column":4},"end":{"line":599,"column":15873}},"107":{"start":{"line":605,"column":4},"end":{"line":605,"column":20}},"108":{"start":{"line":614,"column":4},"end":{"line":614,"column":16234}},"109":{"start":{"line":616,"column":4},"end":{"line":616,"column":16294}},"110":{"start":{"line":628,"column":4},"end":{"line":628,"column":16589}},"111":{"start":{"line":630,"column":4},"end":{"line":630,"column":16647}},"112":{"start":{"line":638,"column":4},"end":{"line":638,"column":19}},"113":{"start":{"line":642,"column":4},"end":{"line":642,"column":26}},"114":{"start":{"line":657,"column":4},"end":{"line":657,"column":41}}},"branchMap":{"1":{"line":121,"type":"if","locations":[{"start":{"line":121,"column":4},"end":{"line":121,"column":4}},{"start":{"line":121,"column":4},"end":{"line":121,"column":4}}]},"2":{"line":126,"type":"if","locations":[{"start":{"line":126,"column":4},"end":{"line":126,"column":4}},{"start":{"line":126,"column":4},"end":{"line":126,"column":4}}]},"3":{"line":126,"type":"cond-expr","locations":[{"start":{"line":126,"column":12},"end":{"line":126,"column":30}},{"start":{"line":126,"column":35},"end":{"line":126,"column":54}}]},"4":{"line":133,"type":"if","locations":[{"start":{"line":133,"column":4},"end":{"line":133,"column":4}},{"start":{"line":133,"column":4},"end":{"line":133,"column":4}}]},"5":{"line":136,"type":"if","locations":[{"start":{"line":136,"column":4},"end":{"line":136,"column":4}},{"start":{"line":136,"column":4},"end":{"line":136,"column":4}}]},"6":{"line":151,"type":"if","locations":[{"start":{"line":151,"column":4},"end":{"line":151,"column":4}},{"start":{"line":151,"column":4},"end":{"line":151,"column":4}}]},"7":{"line":171,"type":"if","locations":[{"start":{"line":171,"column":4},"end":{"line":171,"column":4}},{"start":{"line":171,"column":4},"end":{"line":171,"column":4}}]},"8":{"line":175,"type":"if","locations":[{"start":{"line":175,"column":4},"end":{"line":175,"column":4}},{"start":{"line":175,"column":4},"end":{"line":175,"column":4}}]},"9":{"line":190,"type":"if","locations":[{"start":{"line":190,"column":4},"end":{"line":190,"column":4}},{"start":{"line":190,"column":4},"end":{"line":190,"column":4}}]},"10":{"line":193,"type":"if","locations":[{"start":{"line":193,"column":4},"end":{"line":193,"column":4}},{"start":{"line":193,"column":4},"end":{"line":193,"column":4}}]},"11":{"line":194,"type":"if","locations":[{"start":{"line":194,"column":4},"end":{"line":194,"column":4}},{"start":{"line":194,"column":4},"end":{"line":194,"column":4}}]},"12":{"line":216,"type":"if","locations":[{"start":{"line":216,"column":19},"end":{"line":216,"column":19}},{"start":{"line":216,"column":19},"end":{"line":216,"column":19}}]},"13":{"line":218,"type":"if","locations":[{"start":{"line":218,"column":4},"end":{"line":218,"column":4}},{"start":{"line":218,"column":4},"end":{"line":218,"column":4}}]},"14":{"line":233,"type":"if","locations":[{"start":{"line":233,"column":4},"end":{"line":233,"column":4}},{"start":{"line":233,"column":4},"end":{"line":233,"column":4}}]},"15":{"line":236,"type":"if","locations":[{"start":{"line":236,"column":4},"end":{"line":236,"column":4}},{"start":{"line":236,"column":4},"end":{"line":236,"column":4}}]},"16":{"line":237,"type":"if","locations":[{"start":{"line":237,"column":4},"end":{"line":237,"column":4}},{"start":{"line":237,"column":4},"end":{"line":237,"column":4}}]},"17":{"line":238,"type":"if","locations":[{"start":{"line":238,"column":4},"end":{"line":238,"column":4}},{"start":{"line":238,"column":4},"end":{"line":238,"column":4}}]},"18":{"line":267,"type":"if","locations":[{"start":{"line":267,"column":4},"end":{"line":267,"column":4}},{"start":{"line":267,"column":4},"end":{"line":267,"column":4}}]},"19":{"line":268,"type":"if","locations":[{"start":{"line":268,"column":4},"end":{"line":268,"column":4}},{"start":{"line":268,"column":4},"end":{"line":268,"column":4}}]},"20":{"line":269,"type":"cond-expr","locations":[{"start":{"line":269,"column":6},"end":{"line":269,"column":47}},{"start":{"line":269,"column":52},"end":{"line":269,"column":78}}]},"21":{"line":281,"type":"if","locations":[{"start":{"line":281,"column":4},"end":{"line":281,"column":4}},{"start":{"line":281,"column":4},"end":{"line":281,"column":4}}]},"22":{"line":294,"type":"if","locations":[{"start":{"line":294,"column":6},"end":{"line":294,"column":6}},{"start":{"line":294,"column":6},"end":{"line":294,"column":6}}]},"23":{"line":300,"type":"if","locations":[{"start":{"line":300,"column":4},"end":{"line":300,"column":4}},{"start":{"line":300,"column":4},"end":{"line":300,"column":4}}]},"24":{"line":312,"type":"if","locations":[{"start":{"line":312,"column":6},"end":{"line":312,"column":6}},{"start":{"line":312,"column":6},"end":{"line":312,"column":6}}]},"25":{"line":327,"type":"if","locations":[{"start":{"line":327,"column":6},"end":{"line":327,"column":6}},{"start":{"line":327,"column":6},"end":{"line":327,"column":6}}]},"26":{"line":334,"type":"if","locations":[{"start":{"line":334,"column":6},"end":{"line":334,"column":6}},{"start":{"line":334,"column":6},"end":{"line":334,"column":6}}]},"27":{"line":342,"type":"if","locations":[{"start":{"line":342,"column":4},"end":{"line":342,"column":4}},{"start":{"line":342,"column":4},"end":{"line":342,"column":4}}]},"28":{"line":363,"type":"if","locations":[{"start":{"line":363,"column":4},"end":{"line":363,"column":4}},{"start":{"line":363,"column":4},"end":{"line":363,"column":4}}]},"29":{"line":364,"type":"if","locations":[{"start":{"line":364,"column":4},"end":{"line":364,"column":4}},{"start":{"line":364,"column":4},"end":{"line":364,"column":4}}]},"30":{"line":365,"type":"cond-expr","locations":[{"start":{"line":365,"column":6},"end":{"line":365,"column":52}},{"start":{"line":366,"column":8},"end":{"line":366,"column":39}}]},"31":{"line":369,"type":"if","locations":[{"start":{"line":369,"column":4},"end":{"line":369,"column":4}},{"start":{"line":369,"column":4},"end":{"line":369,"column":4}}]},"32":{"line":380,"type":"if","locations":[{"start":{"line":380,"column":4},"end":{"line":380,"column":4}},{"start":{"line":380,"column":4},"end":{"line":380,"column":4}}]},"33":{"line":393,"type":"if","locations":[{"start":{"line":393,"column":6},"end":{"line":393,"column":6}},{"start":{"line":393,"column":6},"end":{"line":393,"column":6}}]},"34":{"line":399,"type":"if","locations":[{"start":{"line":399,"column":4},"end":{"line":399,"column":4}},{"start":{"line":399,"column":4},"end":{"line":399,"column":4}}]},"35":{"line":408,"type":"if","locations":[{"start":{"line":408,"column":6},"end":{"line":408,"column":6}},{"start":{"line":408,"column":6},"end":{"line":408,"column":6}}]},"36":{"line":422,"type":"if","locations":[{"start":{"line":422,"column":6},"end":{"line":422,"column":6}},{"start":{"line":422,"column":6},"end":{"line":422,"column":6}}]},"37":{"line":433,"type":"if","locations":[{"start":{"line":433,"column":4},"end":{"line":433,"column":4}},{"start":{"line":433,"column":4},"end":{"line":433,"column":4}}]},"38":{"line":437,"type":"if","locations":[{"start":{"line":437,"column":4},"end":{"line":437,"column":4}},{"start":{"line":437,"column":4},"end":{"line":437,"column":4}}]},"39":{"line":452,"type":"if","locations":[{"start":{"line":452,"column":4},"end":{"line":452,"column":4}},{"start":{"line":452,"column":4},"end":{"line":452,"column":4}}]},"40":{"line":463,"type":"if","locations":[{"start":{"line":463,"column":4},"end":{"line":463,"column":4}},{"start":{"line":463,"column":4},"end":{"line":463,"column":4}}]},"41":{"line":474,"type":"if","locations":[{"start":{"line":474,"column":4},"end":{"line":474,"column":4}},{"start":{"line":474,"column":4},"end":{"line":474,"column":4}}]},"42":{"line":483,"type":"if","locations":[{"start":{"line":483,"column":4},"end":{"line":483,"column":4}},{"start":{"line":483,"column":4},"end":{"line":483,"column":4}}]},"43":{"line":484,"type":"if","locations":[{"start":{"line":484,"column":6},"end":{"line":484,"column":6}},{"start":{"line":484,"column":6},"end":{"line":484,"column":6}}]},"44":{"line":493,"type":"if","locations":[{"start":{"line":493,"column":8},"end":{"line":493,"column":8}},{"start":{"line":493,"column":8},"end":{"line":493,"column":8}}]},"45":{"line":499,"type":"if","locations":[{"start":{"line":499,"column":13},"end":{"line":499,"column":13}},{"start":{"line":499,"column":13},"end":{"line":499,"column":13}}]},"46":{"line":508,"type":"if","locations":[{"start":{"line":508,"column":8},"end":{"line":508,"column":8}},{"start":{"line":508,"column":8},"end":{"line":508,"column":8}}]},"47":{"line":519,"type":"if","locations":[{"start":{"line":519,"column":4},"end":{"line":519,"column":4}},{"start":{"line":519,"column":4},"end":{"line":519,"column":4}}]},"48":{"line":521,"type":"if","locations":[{"start":{"line":521,"column":11},"end":{"line":521,"column":11}},{"start":{"line":521,"column":11},"end":{"line":521,"column":11}}]},"49":{"line":535,"type":"if","locations":[{"start":{"line":535,"column":4},"end":{"line":535,"column":4}},{"start":{"line":535,"column":4},"end":{"line":535,"column":4}}]},"50":{"line":538,"type":"if","locations":[{"start":{"line":538,"column":4},"end":{"line":538,"column":4}},{"start":{"line":538,"column":4},"end":{"line":538,"column":4}}]},"51":{"line":541,"type":"if","locations":[{"start":{"line":541,"column":4},"end":{"line":541,"column":4}},{"start":{"line":541,"column":4},"end":{"line":541,"column":4}}]},"52":{"line":552,"type":"if","locations":[{"start":{"line":552,"column":4},"end":{"line":552,"column":4}},{"start":{"line":552,"column":4},"end":{"line":552,"column":4}}]},"53":{"line":555,"type":"if","locations":[{"start":{"line":555,"column":4},"end":{"line":555,"column":4}},{"start":{"line":555,"column":4},"end":{"line":555,"column":4}}]},"54":{"line":558,"type":"if","locations":[{"start":{"line":558,"column":4},"end":{"line":558,"column":4}},{"start":{"line":558,"column":4},"end":{"line":558,"column":4}}]},"55":{"line":616,"type":"if","locations":[{"start":{"line":616,"column":4},"end":{"line":616,"column":4}},{"start":{"line":616,"column":4},"end":{"line":616,"column":4}}]},"56":{"line":630,"type":"if","locations":[{"start":{"line":630,"column":4},"end":{"line":630,"column":4}},{"start":{"line":630,"column":4},"end":{"line":630,"column":4}}]},"57":{"line":645,"type":"if","locations":[{"start":{"line":645,"column":48},"end":{"line":645,"column":48}},{"start":{"line":645,"column":48},"end":{"line":645,"column":48}}]}}},"contracts/Router.sol":{"l":{"88":0,"89":0,"90":0,"100":0,"101":0,"107":0,"112":0,"113":0,"114":0,"123":0,"124":0,"130":0,"134":0,"135":0,"136":0,"147":0,"148":0,"149":0,"150":0,"151":0,"153":0,"158":0,"160":0,"161":0,"171":0,"172":0,"173":0,"174":0,"175":0,"177":0,"181":0,"183":0,"184":0,"189":0,"192":0,"194":0,"195":0,"196":0,"211":0,"214":0,"216":0,"217":0,"218":0,"233":0,"236":0,"242":0,"245":0,"248":0,"257":4,"258":3,"259":3,"261":1,"262":1,"271":4,"272":3,"273":3,"275":1,"276":1,"281":1,"282":1,"288":2,"293":2,"302":5,"311":5,"320":0,"328":0,"336":0,"346":0,"350":0,"360":0,"361":0,"362":0,"367":1,"372":0,"373":0,"378":0,"383":1,"388":2,"389":2,"390":4,"391":2,"392":0,"394":2,"395":2,"402":0,"403":0,"404":0,"405":0,"406":0,"408":0,"409":0,"415":5},"path":"/home/taisei/AceSwap/contracts/Router.sol","s":{"1":0,"2":0,"3":0,"4":0,"5":0,"6":0,"7":0,"8":0,"9":0,"10":0,"11":0,"12":0,"13":0,"14":0,"15":0,"16":0,"17":0,"18":0,"19":0,"20":0,"21":0,"22":0,"23":0,"24":0,"25":0,"26":0,"27":0,"28":0,"29":0,"30":0,"31":0,"32":0,"33":0,"34":0,"35":0,"36":0,"37":0,"38":0,"39":0,"40":0,"41":0,"42":0,"43":4,"44":3,"45":1,"46":1,"47":4,"48":3,"49":1,"50":1,"51":1,"52":1,"53":2,"54":2,"55":5,"56":5,"57":0,"58":0,"59":0,"60":1,"61":0,"62":0,"63":0,"64":1,"65":2,"66":2,"67":4,"68":2,"69":2,"70":0,"71":0,"72":0,"73":0,"74":0},"b":{"1":[0,0],"2":[0,0],"3":[4,0],"4":[3,1],"5":[1,0],"6":[4,0],"7":[3,1],"8":[1,0],"9":[2,2],"10":[0,2],"11":[0,0],"12":[0,0]},"f":{"1":0,"2":0,"3":0,"4":0,"5":0,"6":0,"7":0,"8":0,"9":0,"10":4,"11":4,"12":1,"13":2,"14":2,"15":5,"16":5,"17":0,"18":0,"19":0,"20":0,"21":0,"22":1,"23":0,"24":0,"25":1,"26":2,"27":0},"fnMap":{"1":{"name":"stakeNFT","line":87,"loc":{"start":{"line":87,"column":2},"end":{"line":91,"column":2}}},"2":{"name":"swapNFTforFT","line":94,"loc":{"start":{"line":94,"column":2},"end":{"line":115,"column":2}}},"3":{"name":"swapFTforNFT","line":118,"loc":{"start":{"line":118,"column":2},"end":{"line":137,"column":2}}},"4":{"name":"batchSwapNFTforFT","line":140,"loc":{"start":{"line":140,"column":2},"end":{"line":162,"column":2}}},"5":{"name":"batchSwapFTforNFT","line":165,"loc":{"start":{"line":165,"column":2},"end":{"line":185,"column":2}}},"6":{"name":"withdrawNFT","line":188,"loc":{"start":{"line":188,"column":2},"end":{"line":203,"column":2}}},"7":{"name":"withdrawFT","line":206,"loc":{"start":{"line":206,"column":2},"end":{"line":226,"column":2}}},"8":{"name":"withdrawProtocolFee","line":229,"loc":{"start":{"line":229,"column":2},"end":{"line":237,"column":2}}},"9":{"name":"withdrawSupportFee","line":240,"loc":{"start":{"line":240,"column":2},"end":{"line":249,"column":2}}},"10":{"name":"setBondingCurveApprove","line":255,"loc":{"start":{"line":253,"column":2},"end":{"line":264,"column":2}}},"11":{"name":"setCollectionApprove","line":269,"loc":{"start":{"line":267,"column":2},"end":{"line":278,"column":2}}},"12":{"name":"addCollectionPoolList","line":280,"loc":{"start":{"line":280,"column":2},"end":{"line":283,"column":2}}},"13":{"name":"getCollectionList","line":287,"loc":{"start":{"line":287,"column":2},"end":{"line":289,"column":2}}},"14":{"name":"getBondingCurveList","line":292,"loc":{"start":{"line":292,"column":2},"end":{"line":294,"column":2}}},"15":{"name":"getIsCollectionApprove","line":297,"loc":{"start":{"line":297,"column":2},"end":{"line":303,"column":2}}},"16":{"name":"getIsBondingCurveApprove","line":306,"loc":{"start":{"line":306,"column":2},"end":{"line":312,"column":2}}},"17":{"name":"getCollectionPoolList","line":315,"loc":{"start":{"line":315,"column":2},"end":{"line":321,"column":2}}},"18":{"name":"getPoolInfo","line":324,"loc":{"start":{"line":324,"column":2},"end":{"line":329,"column":2}}},"19":{"name":"getUserInfo","line":332,"loc":{"start":{"line":332,"column":2},"end":{"line":337,"column":2}}},"20":{"name":"_calcFee","line":341,"loc":{"start":{"line":341,"column":2},"end":{"line":351,"column":2}}},"21":{"name":"_updateFee","line":354,"loc":{"start":{"line":354,"column":2},"end":{"line":363,"column":2}}},"22":{"name":"_removeCollection","line":366,"loc":{"start":{"line":366,"column":2},"end":{"line":368,"column":2}}},"23":{"name":"_removeCollectionPool","line":371,"loc":{"start":{"line":371,"column":2},"end":{"line":374,"column":2}}},"24":{"name":"_removeUserStakePool","line":377,"loc":{"start":{"line":377,"column":2},"end":{"line":379,"column":2}}},"25":{"name":"_removeBondingCurve","line":382,"loc":{"start":{"line":382,"column":2},"end":{"line":384,"column":2}}},"26":{"name":"_removeAddress","line":387,"loc":{"start":{"line":387,"column":2},"end":{"line":398,"column":2}}},"27":{"name":"_removeUint","line":401,"loc":{"start":{"line":401,"column":2},"end":{"line":412,"column":2}}}},"statementMap":{"1":{"start":{"line":88,"column":4},"end":{"line":88,"column":44}},"2":{"start":{"line":89,"column":4},"end":{"line":89,"column":50}},"3":{"start":{"line":90,"column":4},"end":{"line":90,"column":65}},"4":{"start":{"line":100,"column":4},"end":{"line":100,"column":70}},"5":{"start":{"line":101,"column":4},"end":{"line":101,"column":2625}},"6":{"start":{"line":107,"column":4},"end":{"line":107,"column":2768}},"7":{"start":{"line":112,"column":4},"end":{"line":112,"column":72}},"8":{"start":{"line":113,"column":4},"end":{"line":113,"column":64}},"9":{"start":{"line":114,"column":4},"end":{"line":114,"column":72}},"10":{"start":{"line":123,"column":4},"end":{"line":123,"column":70}},"11":{"start":{"line":124,"column":4},"end":{"line":124,"column":3325}},"12":{"start":{"line":130,"column":4},"end":{"line":130,"column":3467}},"13":{"start":{"line":134,"column":4},"end":{"line":134,"column":72}},"14":{"start":{"line":135,"column":4},"end":{"line":135,"column":64}},"15":{"start":{"line":136,"column":4},"end":{"line":136,"column":72}},"16":{"start":{"line":147,"column":4},"end":{"line":147,"column":29}},"17":{"start":{"line":148,"column":4},"end":{"line":148,"column":4060}},"18":{"start":{"line":149,"column":6},"end":{"line":149,"column":28}},"19":{"start":{"line":150,"column":6},"end":{"line":150,"column":4146}},"20":{"start":{"line":153,"column":6},"end":{"line":153,"column":4238}},"21":{"start":{"line":160,"column":4},"end":{"line":160,"column":77}},"22":{"start":{"line":161,"column":4},"end":{"line":161,"column":69}},"23":{"start":{"line":171,"column":4},"end":{"line":171,"column":29}},"24":{"start":{"line":172,"column":4},"end":{"line":172,"column":4791}},"25":{"start":{"line":173,"column":6},"end":{"line":173,"column":28}},"26":{"start":{"line":174,"column":6},"end":{"line":174,"column":4877}},"27":{"start":{"line":177,"column":6},"end":{"line":177,"column":4969}},"28":{"start":{"line":183,"column":4},"end":{"line":183,"column":77}},"29":{"start":{"line":184,"column":4},"end":{"line":184,"column":69}},"30":{"start":{"line":189,"column":4},"end":{"line":189,"column":5387}},"31":{"start":{"line":192,"column":4},"end":{"line":192,"column":69}},"32":{"start":{"line":194,"column":4},"end":{"line":194,"column":42}},"33":{"start":{"line":195,"column":4},"end":{"line":195,"column":53}},"34":{"start":{"line":196,"column":4},"end":{"line":196,"column":5654}},"35":{"start":{"line":211,"column":4},"end":{"line":211,"column":5929}},"36":{"start":{"line":214,"column":4},"end":{"line":214,"column":68}},"37":{"start":{"line":216,"column":4},"end":{"line":216,"column":42}},"38":{"start":{"line":217,"column":4},"end":{"line":217,"column":66}},"39":{"start":{"line":218,"column":4},"end":{"line":218,"column":6208}},"40":{"start":{"line":236,"column":4},"end":{"line":236,"column":49}},"41":{"start":{"line":242,"column":4},"end":{"line":242,"column":78}},"42":{"start":{"line":248,"column":4},"end":{"line":248,"column":66}},"43":{"start":{"line":257,"column":4},"end":{"line":257,"column":7053}},"44":{"start":{"line":258,"column":6},"end":{"line":258,"column":41}},"45":{"start":{"line":260,"column":11},"end":{"line":260,"column":7187}},"46":{"start":{"line":261,"column":6},"end":{"line":261,"column":39}},"47":{"start":{"line":271,"column":4},"end":{"line":271,"column":7459}},"48":{"start":{"line":272,"column":6},"end":{"line":272,"column":37}},"49":{"start":{"line":274,"column":11},"end":{"line":274,"column":7585}},"50":{"start":{"line":275,"column":6},"end":{"line":275,"column":35}},"51":{"start":{"line":281,"column":4},"end":{"line":281,"column":21}},"52":{"start":{"line":282,"column":4},"end":{"line":282,"column":46}},"53":{"start":{"line":288,"column":4},"end":{"line":288,"column":25}},"54":{"start":{"line":293,"column":4},"end":{"line":293,"column":27}},"55":{"start":{"line":302,"column":4},"end":{"line":302,"column":43}},"56":{"start":{"line":311,"column":4},"end":{"line":311,"column":47}},"57":{"start":{"line":320,"column":4},"end":{"line":320,"column":42}},"58":{"start":{"line":328,"column":4},"end":{"line":328,"column":39}},"59":{"start":{"line":336,"column":4},"end":{"line":336,"column":45}},"60":{"start":{"line":367,"column":4},"end":{"line":367,"column":46}},"61":{"start":{"line":372,"column":4},"end":{"line":372,"column":54}},"62":{"start":{"line":373,"column":4},"end":{"line":373,"column":57}},"63":{"start":{"line":378,"column":4},"end":{"line":378,"column":50}},"64":{"start":{"line":383,"column":4},"end":{"line":383,"column":50}},"65":{"start":{"line":388,"column":4},"end":{"line":388,"column":32}},"66":{"start":{"line":389,"column":4},"end":{"line":389,"column":10672}},"67":{"start":{"line":390,"column":6},"end":{"line":390,"column":10717}},"68":{"start":{"line":391,"column":8},"end":{"line":391,"column":10755}},"69":{"start":{"line":394,"column":8},"end":{"line":394,"column":19}},"70":{"start":{"line":402,"column":4},"end":{"line":402,"column":32}},"71":{"start":{"line":403,"column":4},"end":{"line":403,"column":11039}},"72":{"start":{"line":404,"column":6},"end":{"line":404,"column":11084}},"73":{"start":{"line":405,"column":8},"end":{"line":405,"column":11122}},"74":{"start":{"line":408,"column":8},"end":{"line":408,"column":19}}},"branchMap":{"1":{"line":229,"type":"if","locations":[{"start":{"line":229,"column":48},"end":{"line":229,"column":48}},{"start":{"line":229,"column":48},"end":{"line":229,"column":48}}]},"2":{"line":242,"type":"if","locations":[{"start":{"line":242,"column":4},"end":{"line":242,"column":4}},{"start":{"line":242,"column":4},"end":{"line":242,"column":4}}]},"3":{"line":255,"type":"if","locations":[{"start":{"line":255,"column":4},"end":{"line":255,"column":4}},{"start":{"line":255,"column":4},"end":{"line":255,"column":4}}]},"4":{"line":257,"type":"if","locations":[{"start":{"line":257,"column":4},"end":{"line":257,"column":4}},{"start":{"line":257,"column":4},"end":{"line":257,"column":4}}]},"5":{"line":260,"type":"if","locations":[{"start":{"line":260,"column":11},"end":{"line":260,"column":11}},{"start":{"line":260,"column":11},"end":{"line":260,"column":11}}]},"6":{"line":269,"type":"if","locations":[{"start":{"line":269,"column":4},"end":{"line":269,"column":4}},{"start":{"line":269,"column":4},"end":{"line":269,"column":4}}]},"7":{"line":271,"type":"if","locations":[{"start":{"line":271,"column":4},"end":{"line":271,"column":4}},{"start":{"line":271,"column":4},"end":{"line":271,"column":4}}]},"8":{"line":274,"type":"if","locations":[{"start":{"line":274,"column":11},"end":{"line":274,"column":11}},{"start":{"line":274,"column":11},"end":{"line":274,"column":11}}]},"9":{"line":390,"type":"if","locations":[{"start":{"line":390,"column":6},"end":{"line":390,"column":6}},{"start":{"line":390,"column":6},"end":{"line":390,"column":6}}]},"10":{"line":391,"type":"if","locations":[{"start":{"line":391,"column":8},"end":{"line":391,"column":8}},{"start":{"line":391,"column":8},"end":{"line":391,"column":8}}]},"11":{"line":404,"type":"if","locations":[{"start":{"line":404,"column":6},"end":{"line":404,"column":6}},{"start":{"line":404,"column":6},"end":{"line":404,"column":6}}]},"12":{"line":405,"type":"if","locations":[{"start":{"line":405,"column":8},"end":{"line":405,"column":8}},{"start":{"line":405,"column":8},"end":{"line":405,"column":8}}]}}}}